[0.014s] Invoking command in '/home/ana/my_gazebo_tutorials/build/walker': CMAKE_PREFIX_PATH=${CMAKE_PREFIX_PATH}:/opt/ros/humble /usr/bin/cmake /home/ana/my_gazebo_tutorials/src/walker -DCMAKE_EXPORT_COMPILE_COMMANDS=YES -DCMAKE_INSTALL_PREFIX=/home/ana/my_gazebo_tutorials/install/walker
[0.125s] -- The C compiler identification is GNU 11.4.0
[0.224s] -- The CXX compiler identification is GNU 11.4.0
[0.232s] -- Detecting C compiler ABI info
[0.373s] -- Detecting C compiler ABI info - done
[0.377s] -- Check for working C compiler: /usr/bin/cc - skipped
[0.377s] -- Detecting C compile features
[0.378s] -- Detecting C compile features - done
[0.381s] -- Detecting CXX compiler ABI info
[0.518s] -- Detecting CXX compiler ABI info - done
[0.531s] -- Check for working CXX compiler: /usr/bin/c++ - skipped
[0.532s] -- Detecting CXX compile features
[0.537s] -- Detecting CXX compile features - done
[0.543s] -- Found ament_cmake: 1.3.10 (/opt/ros/humble/share/ament_cmake/cmake)
[0.722s] -- Found Python3: /usr/bin/python3 (found version "3.10.12") found components: Interpreter 
[0.822s] -- Found rclcpp: 16.0.10 (/opt/ros/humble/share/rclcpp/cmake)
[0.875s] -- Found rosidl_generator_c: 3.1.5 (/opt/ros/humble/share/rosidl_generator_c/cmake)
[0.883s] -- Found rosidl_adapter: 3.1.5 (/opt/ros/humble/share/rosidl_adapter/cmake)
[0.891s] -- Found rosidl_generator_cpp: 3.1.5 (/opt/ros/humble/share/rosidl_generator_cpp/cmake)
[0.903s] -- Using all available rosidl_typesupport_c: rosidl_typesupport_fastrtps_c;rosidl_typesupport_introspection_c
[0.919s] -- Using all available rosidl_typesupport_cpp: rosidl_typesupport_fastrtps_cpp;rosidl_typesupport_introspection_cpp
[0.979s] -- Found rmw_implementation_cmake: 6.1.2 (/opt/ros/humble/share/rmw_implementation_cmake/cmake)
[0.980s] -- Found rmw_fastrtps_cpp: 6.2.7 (/opt/ros/humble/share/rmw_fastrtps_cpp/cmake)
[1.085s] -- Found OpenSSL: /usr/lib/x86_64-linux-gnu/libcrypto.so (found version "3.0.2")  
[1.114s] -- Found FastRTPS: /opt/ros/humble/include  
[1.155s] -- Using RMW implementation 'rmw_fastrtps_cpp' as default
[1.164s] -- Looking for pthread.h
[1.254s] -- Looking for pthread.h - found
[1.255s] -- Performing Test CMAKE_HAVE_LIBC_PTHREAD
[1.342s] -- Performing Test CMAKE_HAVE_LIBC_PTHREAD - Success
[1.344s] -- Found Threads: TRUE  
[1.400s] -- Found rclpy: 3.3.14 (/opt/ros/humble/share/rclpy/cmake)
[1.401s] -- Found geometry_msgs: 4.2.4 (/opt/ros/humble/share/geometry_msgs/cmake)
[1.415s] -- Found sensor_msgs: 4.2.4 (/opt/ros/humble/share/sensor_msgs/cmake)
[1.431s] -- Found nav_msgs: 4.2.4 (/opt/ros/humble/share/nav_msgs/cmake)
[1.449s] -- Found ament_lint_auto: 0.12.11 (/opt/ros/humble/share/ament_lint_auto/cmake)
[1.544s] -- Added test 'cppcheck' to perform static code analysis on C / C++ code
[1.545s] -- Configured cppcheck include dirs: 
[1.545s] -- Configured cppcheck exclude dirs and/or files: 
[1.545s] -- Added test 'flake8' to check Python code syntax and style conventions
[1.546s] -- Added test 'lint_cmake' to check CMake code style
[1.546s] -- Added test 'pep257' to check Python code against some of the docstring style conventions in PEP 257
[1.547s] -- Added test 'uncrustify' to check C / C++ code style
[1.547s] -- Configured uncrustify additional arguments: 
[1.548s] -- Added test 'xmllint' to check XML markup files
[1.551s] -- Configuring done
[1.562s] -- Generating done
[1.564s] -- Build files have been written to: /home/ana/my_gazebo_tutorials/build/walker
[1.576s] Invoked command in '/home/ana/my_gazebo_tutorials/build/walker' returned '0': CMAKE_PREFIX_PATH=${CMAKE_PREFIX_PATH}:/opt/ros/humble /usr/bin/cmake /home/ana/my_gazebo_tutorials/src/walker -DCMAKE_EXPORT_COMPILE_COMMANDS=YES -DCMAKE_INSTALL_PREFIX=/home/ana/my_gazebo_tutorials/install/walker
[1.580s] Invoking command in '/home/ana/my_gazebo_tutorials/build/walker': CMAKE_PREFIX_PATH=${CMAKE_PREFIX_PATH}:/opt/ros/humble /usr/bin/cmake --build /home/ana/my_gazebo_tutorials/build/walker -- -j2 -l2
[1.647s] [ 50%] [32mBuilding CXX object CMakeFiles/walker_node.dir/src/walker_node.cpp.o[0m
[11.659s] [100%] [32m[1mLinking CXX executable walker_node[0m
[12.136s] [100%] Built target walker_node
[12.152s] Invoked command in '/home/ana/my_gazebo_tutorials/build/walker' returned '0': CMAKE_PREFIX_PATH=${CMAKE_PREFIX_PATH}:/opt/ros/humble /usr/bin/cmake --build /home/ana/my_gazebo_tutorials/build/walker -- -j2 -l2
[12.207s] Invoking command in '/home/ana/my_gazebo_tutorials/build/walker': CMAKE_PREFIX_PATH=${CMAKE_PREFIX_PATH}:/opt/ros/humble /usr/bin/cmake --install /home/ana/my_gazebo_tutorials/build/walker
[12.217s] -- Install configuration: ""
[12.218s] -- Installing: /home/ana/my_gazebo_tutorials/install/walker/lib/walker/walker_node
[12.221s] -- Set runtime path of "/home/ana/my_gazebo_tutorials/install/walker/lib/walker/walker_node" to ""
[12.221s] -- Installing: /home/ana/my_gazebo_tutorials/install/walker/share/walker//launch
[12.222s] -- Installing: /home/ana/my_gazebo_tutorials/install/walker/share/walker//launch/walker_launch.py
[12.222s] -- Installing: /home/ana/my_gazebo_tutorials/install/walker/share/ament_index/resource_index/package_run_dependencies/walker
[12.223s] -- Installing: /home/ana/my_gazebo_tutorials/install/walker/share/ament_index/resource_index/parent_prefix_path/walker
[12.223s] -- Installing: /home/ana/my_gazebo_tutorials/install/walker/share/walker/environment/ament_prefix_path.sh
[12.224s] -- Installing: /home/ana/my_gazebo_tutorials/install/walker/share/walker/environment/ament_prefix_path.dsv
[12.224s] -- Installing: /home/ana/my_gazebo_tutorials/install/walker/share/walker/environment/path.sh
[12.224s] -- Installing: /home/ana/my_gazebo_tutorials/install/walker/share/walker/environment/path.dsv
[12.224s] -- Installing: /home/ana/my_gazebo_tutorials/install/walker/share/walker/local_setup.bash
[12.226s] -- Installing: /home/ana/my_gazebo_tutorials/install/walker/share/walker/local_setup.sh
[12.226s] -- Installing: /home/ana/my_gazebo_tutorials/install/walker/share/walker/local_setup.zsh
[12.226s] -- Installing: /home/ana/my_gazebo_tutorials/install/walker/share/walker/local_setup.dsv
[12.227s] -- Installing: /home/ana/my_gazebo_tutorials/install/walker/share/walker/package.dsv
[12.227s] -- Installing: /home/ana/my_gazebo_tutorials/install/walker/share/ament_index/resource_index/packages/walker
[12.228s] -- Installing: /home/ana/my_gazebo_tutorials/install/walker/share/walker/cmake/walkerConfig.cmake
[12.228s] -- Installing: /home/ana/my_gazebo_tutorials/install/walker/share/walker/cmake/walkerConfig-version.cmake
[12.228s] -- Installing: /home/ana/my_gazebo_tutorials/install/walker/share/walker/package.xml
[12.232s] Invoked command in '/home/ana/my_gazebo_tutorials/build/walker' returned '0': CMAKE_PREFIX_PATH=${CMAKE_PREFIX_PATH}:/opt/ros/humble /usr/bin/cmake --install /home/ana/my_gazebo_tutorials/build/walker
