[0.089s] DEBUG:colcon:Command line arguments: ['/home/ana/.local/bin/colcon', 'build']
[0.089s] DEBUG:colcon:Parsed command line arguments: Namespace(log_base=None, log_level=None, verb_name='build', build_base='build', install_base='install', merge_install=False, symlink_install=False, test_result_base=None, continue_on_error=False, executor='parallel', parallel_workers=2, event_handlers=None, ignore_user_meta=False, metas=['./colcon.meta'], base_paths=['.'], packages_ignore=None, packages_ignore_regex=None, paths=None, packages_up_to=None, packages_up_to_regex=None, packages_above=None, packages_above_and_dependencies=None, packages_above_depth=None, packages_select_by_dep=None, packages_skip_by_dep=None, packages_skip_up_to=None, packages_select_build_failed=False, packages_skip_build_finished=False, packages_select_test_failures=False, packages_skip_test_passed=False, packages_select=None, packages_skip=None, packages_select_regex=None, packages_skip_regex=None, packages_start=None, packages_end=None, allow_overriding=[], cmake_args=None, cmake_target=None, cmake_target_skip_unavailable=False, cmake_clean_cache=False, cmake_clean_first=False, cmake_force_configure=False, ament_cmake_args=None, catkin_cmake_args=None, catkin_skip_building_tests=False, mixin_files=None, mixin=None, verb_parser=<colcon_mixin.mixin.mixin_argument.MixinArgumentDecorator object at 0x720973730a90>, verb_extension=<colcon_core.verb.build.BuildVerb object at 0x720973730520>, main=<bound method BuildVerb.main of <colcon_core.verb.build.BuildVerb object at 0x720973730520>>, mixin_verb=('build',))
[0.188s] Level 1:colcon.colcon_core.package_discovery:discover_packages(colcon_meta) check parameters
[0.188s] Level 1:colcon.colcon_core.package_discovery:discover_packages(recursive) check parameters
[0.188s] Level 1:colcon.colcon_core.package_discovery:discover_packages(ignore) check parameters
[0.188s] Level 1:colcon.colcon_core.package_discovery:discover_packages(path) check parameters
[0.188s] Level 1:colcon.colcon_core.package_discovery:discover_packages(colcon_meta) discover
[0.188s] Level 1:colcon.colcon_core.package_discovery:discover_packages(recursive) discover
[0.188s] INFO:colcon.colcon_core.package_discovery:Crawling recursively for packages in '/home/ana/my_gazebo_tutorials'
[0.188s] Level 1:colcon.colcon_core.package_identification:_identify(.) by extensions ['ignore', 'ignore_ament_install']
[0.188s] Level 1:colcon.colcon_core.package_identification:_identify(.) by extension 'ignore'
[0.188s] Level 1:colcon.colcon_core.package_identification:_identify(.) by extension 'ignore_ament_install'
[0.188s] Level 1:colcon.colcon_core.package_identification:_identify(.) by extensions ['colcon_pkg']
[0.188s] Level 1:colcon.colcon_core.package_identification:_identify(.) by extension 'colcon_pkg'
[0.188s] Level 1:colcon.colcon_core.package_identification:_identify(.) by extensions ['colcon_meta']
[0.188s] Level 1:colcon.colcon_core.package_identification:_identify(.) by extension 'colcon_meta'
[0.188s] Level 1:colcon.colcon_core.package_identification:_identify(.) by extensions ['ros']
[0.188s] Level 1:colcon.colcon_core.package_identification:_identify(.) by extension 'ros'
[0.196s] Level 1:colcon.colcon_core.package_identification:_identify(.) by extensions ['cmake', 'python']
[0.196s] Level 1:colcon.colcon_core.package_identification:_identify(.) by extension 'cmake'
[0.196s] Level 1:colcon.colcon_core.package_identification:_identify(.) by extension 'python'
[0.196s] Level 1:colcon.colcon_core.package_identification:_identify(.) by extensions ['python_setup_py']
[0.196s] Level 1:colcon.colcon_core.package_identification:_identify(.) by extension 'python_setup_py'
[0.197s] Level 1:colcon.colcon_core.package_identification:_identify(build) by extensions ['ignore', 'ignore_ament_install']
[0.197s] Level 1:colcon.colcon_core.package_identification:_identify(build) by extension 'ignore'
[0.197s] Level 1:colcon.colcon_core.package_identification:_identify(build) ignored
[0.197s] Level 1:colcon.colcon_core.package_identification:_identify(install) by extensions ['ignore', 'ignore_ament_install']
[0.197s] Level 1:colcon.colcon_core.package_identification:_identify(install) by extension 'ignore'
[0.197s] Level 1:colcon.colcon_core.package_identification:_identify(install) ignored
[0.197s] Level 1:colcon.colcon_core.package_identification:_identify(log) by extensions ['ignore', 'ignore_ament_install']
[0.197s] Level 1:colcon.colcon_core.package_identification:_identify(log) by extension 'ignore'
[0.197s] Level 1:colcon.colcon_core.package_identification:_identify(log) ignored
[0.197s] Level 1:colcon.colcon_core.package_identification:_identify(src) by extensions ['ignore', 'ignore_ament_install']
[0.197s] Level 1:colcon.colcon_core.package_identification:_identify(src) by extension 'ignore'
[0.197s] Level 1:colcon.colcon_core.package_identification:_identify(src) by extension 'ignore_ament_install'
[0.197s] Level 1:colcon.colcon_core.package_identification:_identify(src) by extensions ['colcon_pkg']
[0.197s] Level 1:colcon.colcon_core.package_identification:_identify(src) by extension 'colcon_pkg'
[0.197s] Level 1:colcon.colcon_core.package_identification:_identify(src) by extensions ['colcon_meta']
[0.197s] Level 1:colcon.colcon_core.package_identification:_identify(src) by extension 'colcon_meta'
[0.197s] Level 1:colcon.colcon_core.package_identification:_identify(src) by extensions ['ros']
[0.197s] Level 1:colcon.colcon_core.package_identification:_identify(src) by extension 'ros'
[0.197s] Level 1:colcon.colcon_core.package_identification:_identify(src) by extensions ['cmake', 'python']
[0.197s] Level 1:colcon.colcon_core.package_identification:_identify(src) by extension 'cmake'
[0.197s] Level 1:colcon.colcon_core.package_identification:_identify(src) by extension 'python'
[0.197s] Level 1:colcon.colcon_core.package_identification:_identify(src) by extensions ['python_setup_py']
[0.197s] Level 1:colcon.colcon_core.package_identification:_identify(src) by extension 'python_setup_py'
[0.197s] Level 1:colcon.colcon_core.package_identification:_identify(src/walker) by extensions ['ignore', 'ignore_ament_install']
[0.197s] Level 1:colcon.colcon_core.package_identification:_identify(src/walker) by extension 'ignore'
[0.198s] Level 1:colcon.colcon_core.package_identification:_identify(src/walker) by extension 'ignore_ament_install'
[0.198s] Level 1:colcon.colcon_core.package_identification:_identify(src/walker) by extensions ['colcon_pkg']
[0.198s] Level 1:colcon.colcon_core.package_identification:_identify(src/walker) by extension 'colcon_pkg'
[0.198s] Level 1:colcon.colcon_core.package_identification:_identify(src/walker) by extensions ['colcon_meta']
[0.198s] Level 1:colcon.colcon_core.package_identification:_identify(src/walker) by extension 'colcon_meta'
[0.198s] Level 1:colcon.colcon_core.package_identification:_identify(src/walker) by extensions ['ros']
[0.198s] Level 1:colcon.colcon_core.package_identification:_identify(src/walker) by extension 'ros'
[0.200s] DEBUG:colcon.colcon_core.package_identification:Package 'src/walker' with type 'ros.ament_cmake' and name 'walker'
[0.200s] Level 1:colcon.colcon_core.package_discovery:discover_packages(recursive) using defaults
[0.200s] Level 1:colcon.colcon_core.package_discovery:discover_packages(ignore) discover
[0.200s] Level 1:colcon.colcon_core.package_discovery:discover_packages(ignore) using defaults
[0.200s] Level 1:colcon.colcon_core.package_discovery:discover_packages(path) discover
[0.200s] Level 1:colcon.colcon_core.package_discovery:discover_packages(path) using defaults
[0.212s] Level 1:colcon.colcon_core.package_discovery:discover_packages(prefix_path) check parameters
[0.213s] Level 1:colcon.colcon_core.package_discovery:discover_packages(prefix_path) discover
[0.214s] DEBUG:colcon.colcon_installed_package_information.package_discovery:Found 1 installed packages in /home/ana/my_gazebo_tutorials/install
[0.215s] DEBUG:colcon.colcon_installed_package_information.package_discovery:Found 384 installed packages in /opt/ros/humble
[0.223s] Level 1:colcon.colcon_core.package_discovery:discover_packages(prefix_path) using defaults
[0.251s] Level 5:colcon.colcon_core.verb:set package 'walker' build argument 'cmake_args' from command line to 'None'
[0.251s] Level 5:colcon.colcon_core.verb:set package 'walker' build argument 'cmake_target' from command line to 'None'
[0.251s] Level 5:colcon.colcon_core.verb:set package 'walker' build argument 'cmake_target_skip_unavailable' from command line to 'False'
[0.251s] Level 5:colcon.colcon_core.verb:set package 'walker' build argument 'cmake_clean_cache' from command line to 'False'
[0.251s] Level 5:colcon.colcon_core.verb:set package 'walker' build argument 'cmake_clean_first' from command line to 'False'
[0.251s] Level 5:colcon.colcon_core.verb:set package 'walker' build argument 'cmake_force_configure' from command line to 'False'
[0.251s] Level 5:colcon.colcon_core.verb:set package 'walker' build argument 'ament_cmake_args' from command line to 'None'
[0.251s] Level 5:colcon.colcon_core.verb:set package 'walker' build argument 'catkin_cmake_args' from command line to 'None'
[0.251s] Level 5:colcon.colcon_core.verb:set package 'walker' build argument 'catkin_skip_building_tests' from command line to 'False'
[0.252s] DEBUG:colcon.colcon_core.verb:Building package 'walker' with the following arguments: {'ament_cmake_args': None, 'build_base': '/home/ana/my_gazebo_tutorials/build/walker', 'catkin_cmake_args': None, 'catkin_skip_building_tests': False, 'cmake_args': None, 'cmake_clean_cache': False, 'cmake_clean_first': False, 'cmake_force_configure': False, 'cmake_target': None, 'cmake_target_skip_unavailable': False, 'install_base': '/home/ana/my_gazebo_tutorials/install/walker', 'merge_install': False, 'path': '/home/ana/my_gazebo_tutorials/src/walker', 'symlink_install': False, 'test_result_base': None}
[0.252s] INFO:colcon.colcon_core.executor:Executing jobs using 'parallel' executor
[0.253s] DEBUG:colcon.colcon_parallel_executor.executor.parallel:run_until_complete
[0.253s] INFO:colcon.colcon_ros.task.ament_cmake.build:Building ROS package in '/home/ana/my_gazebo_tutorials/src/walker' with build type 'ament_cmake'
[0.254s] INFO:colcon.colcon_cmake.task.cmake.build:Building CMake package in '/home/ana/my_gazebo_tutorials/src/walker'
[0.255s] INFO:colcon.colcon_core.plugin_system:Skipping extension 'colcon_core.shell.bat': Not used on non-Windows systems
[0.255s] INFO:colcon.colcon_core.shell:Skip shell extension 'powershell' for command environment: Not usable outside of PowerShell
[0.255s] DEBUG:colcon.colcon_core.shell:Skip shell extension 'dsv' for command environment
[0.263s] DEBUG:colcon.colcon_core.event_handler.log_command:Invoking command in '/home/ana/my_gazebo_tutorials/build/walker': CMAKE_PREFIX_PATH=${CMAKE_PREFIX_PATH}:/opt/ros/humble /usr/bin/cmake --build /home/ana/my_gazebo_tutorials/build/walker -- -j2 -l2
[6.630s] DEBUG:colcon.colcon_core.event_handler.log_command:Invoked command in '/home/ana/my_gazebo_tutorials/build/walker' returned '0': CMAKE_PREFIX_PATH=${CMAKE_PREFIX_PATH}:/opt/ros/humble /usr/bin/cmake --build /home/ana/my_gazebo_tutorials/build/walker -- -j2 -l2
[6.668s] DEBUG:colcon.colcon_core.event_handler.log_command:Invoking command in '/home/ana/my_gazebo_tutorials/build/walker': CMAKE_PREFIX_PATH=${CMAKE_PREFIX_PATH}:/opt/ros/humble /usr/bin/cmake --install /home/ana/my_gazebo_tutorials/build/walker
[6.684s] Level 1:colcon.colcon_core.environment:create_environment_scripts_only(walker)
[6.684s] DEBUG:colcon.colcon_core.event_handler.log_command:Invoked command in '/home/ana/my_gazebo_tutorials/build/walker' returned '0': CMAKE_PREFIX_PATH=${CMAKE_PREFIX_PATH}:/opt/ros/humble /usr/bin/cmake --install /home/ana/my_gazebo_tutorials/build/walker
[6.688s] Level 1:colcon.colcon_core.environment:checking '/home/ana/my_gazebo_tutorials/install/walker' for CMake module files
[6.688s] Level 1:colcon.colcon_core.environment:checking '/home/ana/my_gazebo_tutorials/install/walker' for CMake config files
[6.689s] Level 1:colcon.colcon_core.shell:create_environment_hook('walker', 'cmake_prefix_path')
[6.689s] INFO:colcon.colcon_core.shell:Creating environment hook '/home/ana/my_gazebo_tutorials/install/walker/share/walker/hook/cmake_prefix_path.ps1'
[6.689s] INFO:colcon.colcon_core.shell:Creating environment descriptor '/home/ana/my_gazebo_tutorials/install/walker/share/walker/hook/cmake_prefix_path.dsv'
[6.690s] INFO:colcon.colcon_core.shell:Creating environment hook '/home/ana/my_gazebo_tutorials/install/walker/share/walker/hook/cmake_prefix_path.sh'
[6.692s] Level 1:colcon.colcon_core.environment:checking '/home/ana/my_gazebo_tutorials/install/walker/lib'
[6.692s] Level 1:colcon.colcon_core.environment:checking '/home/ana/my_gazebo_tutorials/install/walker/bin'
[6.692s] Level 1:colcon.colcon_core.environment:checking '/home/ana/my_gazebo_tutorials/install/walker/lib/pkgconfig/walker.pc'
[6.692s] Level 1:colcon.colcon_core.environment:checking '/home/ana/my_gazebo_tutorials/install/walker/lib/python3.10/site-packages'
[6.693s] Level 1:colcon.colcon_core.environment:checking '/home/ana/my_gazebo_tutorials/install/walker/bin'
[6.693s] INFO:colcon.colcon_core.shell:Creating package script '/home/ana/my_gazebo_tutorials/install/walker/share/walker/package.ps1'
[6.693s] INFO:colcon.colcon_core.shell:Creating package descriptor '/home/ana/my_gazebo_tutorials/install/walker/share/walker/package.dsv'
[6.695s] INFO:colcon.colcon_core.shell:Creating package script '/home/ana/my_gazebo_tutorials/install/walker/share/walker/package.sh'
[6.696s] INFO:colcon.colcon_core.shell:Creating package script '/home/ana/my_gazebo_tutorials/install/walker/share/walker/package.bash'
[6.697s] INFO:colcon.colcon_core.shell:Creating package script '/home/ana/my_gazebo_tutorials/install/walker/share/walker/package.zsh'
[6.697s] Level 1:colcon.colcon_core.environment:create_file_with_runtime_dependencies(/home/ana/my_gazebo_tutorials/install/walker/share/colcon-core/packages/walker)
[6.730s] Level 1:colcon.colcon_core.environment:create_environment_scripts_only(walker)
[6.730s] Level 1:colcon.colcon_core.environment:checking '/home/ana/my_gazebo_tutorials/install/walker' for CMake module files
[6.731s] Level 1:colcon.colcon_core.environment:checking '/home/ana/my_gazebo_tutorials/install/walker' for CMake config files
[6.731s] Level 1:colcon.colcon_core.shell:create_environment_hook('walker', 'cmake_prefix_path')
[6.731s] INFO:colcon.colcon_core.shell:Creating environment hook '/home/ana/my_gazebo_tutorials/install/walker/share/walker/hook/cmake_prefix_path.ps1'
[6.733s] INFO:colcon.colcon_core.shell:Creating environment descriptor '/home/ana/my_gazebo_tutorials/install/walker/share/walker/hook/cmake_prefix_path.dsv'
[6.733s] INFO:colcon.colcon_core.shell:Creating environment hook '/home/ana/my_gazebo_tutorials/install/walker/share/walker/hook/cmake_prefix_path.sh'
[6.734s] Level 1:colcon.colcon_core.environment:checking '/home/ana/my_gazebo_tutorials/install/walker/lib'
[6.735s] Level 1:colcon.colcon_core.environment:checking '/home/ana/my_gazebo_tutorials/install/walker/bin'
[6.735s] Level 1:colcon.colcon_core.environment:checking '/home/ana/my_gazebo_tutorials/install/walker/lib/pkgconfig/walker.pc'
[6.735s] Level 1:colcon.colcon_core.environment:checking '/home/ana/my_gazebo_tutorials/install/walker/lib/python3.10/site-packages'
[6.735s] Level 1:colcon.colcon_core.environment:checking '/home/ana/my_gazebo_tutorials/install/walker/bin'
[6.735s] INFO:colcon.colcon_core.shell:Creating package script '/home/ana/my_gazebo_tutorials/install/walker/share/walker/package.ps1'
[6.736s] INFO:colcon.colcon_core.shell:Creating package descriptor '/home/ana/my_gazebo_tutorials/install/walker/share/walker/package.dsv'
[6.737s] INFO:colcon.colcon_core.shell:Creating package script '/home/ana/my_gazebo_tutorials/install/walker/share/walker/package.sh'
[6.738s] INFO:colcon.colcon_core.shell:Creating package script '/home/ana/my_gazebo_tutorials/install/walker/share/walker/package.bash'
[6.738s] INFO:colcon.colcon_core.shell:Creating package script '/home/ana/my_gazebo_tutorials/install/walker/share/walker/package.zsh'
[6.738s] Level 1:colcon.colcon_core.environment:create_file_with_runtime_dependencies(/home/ana/my_gazebo_tutorials/install/walker/share/colcon-core/packages/walker)
[6.739s] DEBUG:colcon.colcon_parallel_executor.executor.parallel:closing loop
[6.739s] DEBUG:colcon.colcon_parallel_executor.executor.parallel:loop closed
[6.739s] DEBUG:colcon.colcon_parallel_executor.executor.parallel:run_until_complete finished with '0'
[6.739s] DEBUG:colcon.colcon_core.event_reactor:joining thread
[6.745s] INFO:colcon.colcon_core.plugin_system:Skipping extension 'colcon_notification.desktop_notification.terminal_notifier': Not used on non-Darwin systems
[6.745s] INFO:colcon.colcon_core.plugin_system:Skipping extension 'colcon_notification.desktop_notification.win32': Not used on non-Windows systems
[6.745s] INFO:colcon.colcon_notification.desktop_notification:Sending desktop notification using 'notify2'
[6.761s] DEBUG:colcon.colcon_core.event_reactor:joined thread
[6.761s] INFO:colcon.colcon_core.shell:Creating prefix script '/home/ana/my_gazebo_tutorials/install/local_setup.ps1'
[6.762s] INFO:colcon.colcon_core.shell:Creating prefix util module '/home/ana/my_gazebo_tutorials/install/_local_setup_util_ps1.py'
[6.763s] INFO:colcon.colcon_core.shell:Creating prefix chain script '/home/ana/my_gazebo_tutorials/install/setup.ps1'
[6.764s] INFO:colcon.colcon_core.shell:Creating prefix script '/home/ana/my_gazebo_tutorials/install/local_setup.sh'
[6.764s] INFO:colcon.colcon_core.shell:Creating prefix util module '/home/ana/my_gazebo_tutorials/install/_local_setup_util_sh.py'
[6.765s] INFO:colcon.colcon_core.shell:Creating prefix chain script '/home/ana/my_gazebo_tutorials/install/setup.sh'
[6.766s] INFO:colcon.colcon_core.shell:Creating prefix script '/home/ana/my_gazebo_tutorials/install/local_setup.bash'
[6.766s] INFO:colcon.colcon_core.shell:Creating prefix chain script '/home/ana/my_gazebo_tutorials/install/setup.bash'
[6.767s] INFO:colcon.colcon_core.shell:Creating prefix script '/home/ana/my_gazebo_tutorials/install/local_setup.zsh'
[6.767s] INFO:colcon.colcon_core.shell:Creating prefix chain script '/home/ana/my_gazebo_tutorials/install/setup.zsh'
