[0.013s] Invoking command in '/home/ana/my_gazebo_tutorials/build/walker': CMAKE_PREFIX_PATH=${CMAKE_PREFIX_PATH}:/opt/ros/humble /usr/bin/cmake --build /home/ana/my_gazebo_tutorials/build/walker -- -j2 -l2
[0.054s] [35m[1mConsolidate compiler generated dependencies of target walker_node[0m
[0.079s] [ 50%] [32mBuilding CXX object CMakeFiles/walker_node.dir/src/walker_node.cpp.o[0m
[1.760s] [01m[K/home/ana/my_gazebo_tutorials/src/walker/src/walker_node.cpp:16:33:[m[K [01;31m[Kerror: [m[K‘[01m[KWalker[m[K’ has not been declared
[1.760s]    16 |     virtual void handleObstacle([01;31m[KWalker[m[K &walker, const sensor_msgs::msg::LaserScan &scan) = 0;
[1.760s]       |                                 [01;31m[K^~~~~~[m[K
[1.760s] [01m[K/home/ana/my_gazebo_tutorials/src/walker/src/walker_node.cpp:17:23:[m[K [01;31m[Kerror: [m[K‘[01m[KWalker[m[K’ has not been declared
[1.761s]    17 |     virtual void move([01;31m[KWalker[m[K &walker) = 0;
[1.761s]       |                       [01;31m[K^~~~~~[m[K
[1.794s] [01m[K/home/ana/my_gazebo_tutorials/src/walker/src/walker_node.cpp:[m[K In constructor ‘[01m[KWalker::Walker()[m[K’:
[1.795s] [01m[K/home/ana/my_gazebo_tutorials/src/walker/src/walker_node.cpp:26:11:[m[K [01;31m[Kerror: [m[Kno matching function for call to ‘[01m[Kstd::shared_ptr<State>::shared_ptr(std::shared_ptr<MovingForward>)[m[K’
[1.795s]    26 |           [01;31m[Kstate(std::make_shared<MovingForward>())[m[K {
[1.795s]       |           [01;31m[K^~~~~~~~~~~~~~~~~~~~~~~~~~~~~~~~~~~~~~~~[m[K
[1.796s] In file included from [01m[K/usr/include/c++/11/memory:77[m[K,
[1.796s]                  from [01m[K/opt/ros/humble/include/geometry_msgs/geometry_msgs/msg/detail/twist__struct.hpp:10[m[K,
[1.796s]                  from [01m[K/opt/ros/humble/include/geometry_msgs/geometry_msgs/msg/twist.hpp:7[m[K,
[1.796s]                  from [01m[K/home/ana/my_gazebo_tutorials/src/walker/src/walker_node.cpp:1[m[K:
[1.796s] [01m[K/usr/include/c++/11/bits/shared_ptr.h:408:9:[m[K [01;36m[Knote: [m[Kcandidate: ‘[01m[Ktemplate<class _Alloc, class ... _Args> std::shared_ptr<_Tp>::shared_ptr(std::_Sp_alloc_shared_tag<_Tp>, _Args&& ...) [with _Alloc = _Alloc; _Args = {_Args ...}; _Tp = State][m[K’
[1.796s]   408 |         [01;36m[Kshared_ptr[m[K(_Sp_alloc_shared_tag<_Alloc> __tag, _Args&&... __args)
[1.796s]       |         [01;36m[K^~~~~~~~~~[m[K
[1.796s] [01m[K/usr/include/c++/11/bits/shared_ptr.h:408:9:[m[K [01;36m[Knote: [m[K  template argument deduction/substitution failed:
[1.796s] [01m[K/home/ana/my_gazebo_tutorials/src/walker/src/walker_node.cpp:26:11:[m[K [01;36m[Knote: [m[K  ‘[01m[Kstd::shared_ptr<MovingForward>[m[K’ is not derived from ‘[01m[Kstd::_Sp_alloc_shared_tag<_Tp>[m[K’
[1.796s]    26 |           [01;36m[Kstate(std::make_shared<MovingForward>())[m[K {
[1.796s]       |           [01;36m[K^~~~~~~~~~~~~~~~~~~~~~~~~~~~~~~~~~~~~~~~[m[K
[1.796s] In file included from [01m[K/usr/include/c++/11/memory:77[m[K,
[1.796s]                  from [01m[K/opt/ros/humble/include/geometry_msgs/geometry_msgs/msg/detail/twist__struct.hpp:10[m[K,
[1.796s]                  from [01m[K/opt/ros/humble/include/geometry_msgs/geometry_msgs/msg/twist.hpp:7[m[K,
[1.796s]                  from [01m[K/home/ana/my_gazebo_tutorials/src/walker/src/walker_node.cpp:1[m[K:
[1.798s] [01m[K/usr/include/c++/11/bits/shared_ptr.h:340:9:[m[K [01;36m[Knote: [m[Kcandidate: ‘[01m[Ktemplate<class _Yp, class _Del, class> std::shared_ptr<_Tp>::shared_ptr(std::unique_ptr<_Up, _Ep>&&) [with _Yp = _Yp; _Del = _Del; <template-parameter-2-3> = <template-parameter-1-3>; _Tp = State][m[K’
[1.798s]   340 |         [01;36m[Kshared_ptr[m[K(unique_ptr<_Yp, _Del>&& __r)
[1.798s]       |         [01;36m[K^~~~~~~~~~[m[K
[1.798s] [01m[K/usr/include/c++/11/bits/shared_ptr.h:340:9:[m[K [01;36m[Knote: [m[K  template argument deduction/substitution failed:
[1.798s] [01m[K/home/ana/my_gazebo_tutorials/src/walker/src/walker_node.cpp:26:11:[m[K [01;36m[Knote: [m[K  ‘[01m[Kstd::shared_ptr<MovingForward>[m[K’ is not derived from ‘[01m[Kstd::unique_ptr<_Tp, _Dp>[m[K’
[1.798s]    26 |           [01;36m[Kstate(std::make_shared<MovingForward>())[m[K {
[1.798s]       |           [01;36m[K^~~~~~~~~~~~~~~~~~~~~~~~~~~~~~~~~~~~~~~~[m[K
[1.799s] In file included from [01m[K/usr/include/c++/11/memory:77[m[K,
[1.799s]                  from [01m[K/opt/ros/humble/include/geometry_msgs/geometry_msgs/msg/detail/twist__struct.hpp:10[m[K,
[1.799s]                  from [01m[K/opt/ros/humble/include/geometry_msgs/geometry_msgs/msg/twist.hpp:7[m[K,
[1.799s]                  from [01m[K/home/ana/my_gazebo_tutorials/src/walker/src/walker_node.cpp:1[m[K:
[1.799s] [01m[K/usr/include/c++/11/bits/shared_ptr.h:332:9:[m[K [01;36m[Knote: [m[Kcandidate: ‘[01m[Ktemplate<class _Yp, class> std::shared_ptr<_Tp>::shared_ptr(std::auto_ptr<_Up>&&) [with _Yp = _Tp1; <template-parameter-2-2> = <template-parameter-1-2>; _Tp = State][m[K’
[1.799s]   332 |         [01;36m[Kshared_ptr[m[K(auto_ptr<_Yp>&& __r);
[1.799s]       |         [01;36m[K^~~~~~~~~~[m[K
[1.799s] [01m[K/usr/include/c++/11/bits/shared_ptr.h:332:9:[m[K [01;36m[Knote: [m[K  template argument deduction/substitution failed:
[1.799s] [01m[K/home/ana/my_gazebo_tutorials/src/walker/src/walker_node.cpp:26:11:[m[K [01;36m[Knote: [m[K  ‘[01m[Kstd::shared_ptr<MovingForward>[m[K’ is not derived from ‘[01m[Kstd::auto_ptr<_Up>[m[K’
[1.799s]    26 |           [01;36m[Kstate(std::make_shared<MovingForward>())[m[K {
[1.799s]       |           [01;36m[K^~~~~~~~~~~~~~~~~~~~~~~~~~~~~~~~~~~~~~~~[m[K
[1.799s] In file included from [01m[K/usr/include/c++/11/memory:77[m[K,
[1.799s]                  from [01m[K/opt/ros/humble/include/geometry_msgs/geometry_msgs/msg/detail/twist__struct.hpp:10[m[K,
[1.799s]                  from [01m[K/opt/ros/humble/include/geometry_msgs/geometry_msgs/msg/twist.hpp:7[m[K,
[1.799s]                  from [01m[K/home/ana/my_gazebo_tutorials/src/walker/src/walker_node.cpp:1[m[K:
[1.799s] [01m[K/usr/include/c++/11/bits/shared_ptr.h:325:18:[m[K [01;36m[Knote: [m[Kcandidate: ‘[01m[Ktemplate<class _Yp, class> std::shared_ptr<_Tp>::shared_ptr(const std::weak_ptr<_Yp>&) [with _Yp = _Yp; <template-parameter-2-2> = <template-parameter-1-2>; _Tp = State][m[K’
[1.799s]   325 |         explicit [01;36m[Kshared_ptr[m[K(const weak_ptr<_Yp>& __r)
[1.799s]       |                  [01;36m[K^~~~~~~~~~[m[K
[1.799s] [01m[K/usr/include/c++/11/bits/shared_ptr.h:325:18:[m[K [01;36m[Knote: [m[K  template argument deduction/substitution failed:
[1.799s] [01m[K/home/ana/my_gazebo_tutorials/src/walker/src/walker_node.cpp:26:11:[m[K [01;36m[Knote: [m[K  ‘[01m[Kstd::shared_ptr<MovingForward>[m[K’ is not derived from ‘[01m[Kconst std::weak_ptr<_Tp>[m[K’
[1.799s]    26 |           [01;36m[Kstate(std::make_shared<MovingForward>())[m[K {
[1.799s]       |           [01;36m[K^~~~~~~~~~~~~~~~~~~~~~~~~~~~~~~~~~~~~~~~[m[K
[1.799s] In file included from [01m[K/usr/include/c++/11/memory:77[m[K,
[1.799s]                  from [01m[K/opt/ros/humble/include/geometry_msgs/geometry_msgs/msg/detail/twist__struct.hpp:10[m[K,
[1.799s]                  from [01m[K/opt/ros/humble/include/geometry_msgs/geometry_msgs/msg/twist.hpp:7[m[K,
[1.799s]                  from [01m[K/home/ana/my_gazebo_tutorials/src/walker/src/walker_node.cpp:1[m[K:
[1.799s] [01m[K/usr/include/c++/11/bits/shared_ptr.h:313:9:[m[K [01;36m[Knote: [m[Kcandidate: ‘[01m[Ktemplate<class _Yp, class> std::shared_ptr<_Tp>::shared_ptr(std::shared_ptr<_Yp>&&) [with _Yp = _Yp; <template-parameter-2-2> = <template-parameter-1-2>; _Tp = State][m[K’
[1.799s]   313 |         [01;36m[Kshared_ptr[m[K(shared_ptr<_Yp>&& __r) noexcept
[1.800s]       |         [01;36m[K^~~~~~~~~~[m[K
[1.800s] [01m[K/usr/include/c++/11/bits/shared_ptr.h:313:9:[m[K [01;36m[Knote: [m[K  template argument deduction/substitution failed:
[1.800s] /usr/include/c++/11/bits/shared_ptr.h: In substitution of ‘[01m[Ktemplate<class _Tp> template<class ... _Args> using _Constructible = typename std::enable_if<std::is_constructible<std::__shared_ptr<_Tp>, _Args ...>::value>::type [with _Args = {std::shared_ptr<MovingForward>}; _Tp = State][m[K’:
[1.800s] [01m[K/usr/include/c++/11/bits/shared_ptr.h:312:30:[m[K   required from here
[1.802s] [01m[K/usr/include/c++/11/bits/shared_ptr.h:125:15:[m[K [01;31m[Kerror: [m[Kno type named ‘[01m[Ktype[m[K’ in ‘[01m[Kstruct std::enable_if<false, void>[m[K’
[1.802s]   125 |         using [01;31m[K_Constructible[m[K = typename enable_if<
[1.802s]       |               [01;31m[K^~~~~~~~~~~~~~[m[K
[1.803s] [01m[K/usr/include/c++/11/bits/shared_ptr.h:296:9:[m[K [01;36m[Knote: [m[Kcandidate: ‘[01m[Ktemplate<class _Yp, class> std::shared_ptr<_Tp>::shared_ptr(const std::shared_ptr<_Yp>&) [with _Yp = _Yp; <template-parameter-2-2> = <template-parameter-1-2>; _Tp = State][m[K’
[1.803s]   296 |         [01;36m[Kshared_ptr[m[K(const shared_ptr<_Yp>& __r) noexcept
[1.803s]       |         [01;36m[K^~~~~~~~~~[m[K
[1.803s] [01m[K/usr/include/c++/11/bits/shared_ptr.h:296:9:[m[K [01;36m[Knote: [m[K  template argument deduction/substitution failed:
[1.803s] /usr/include/c++/11/bits/shared_ptr.h: In substitution of ‘[01m[Ktemplate<class _Tp> template<class ... _Args> using _Constructible = typename std::enable_if<std::is_constructible<std::__shared_ptr<_Tp>, _Args ...>::value>::type [with _Args = {const std::shared_ptr<MovingForward>&}; _Tp = State][m[K’:
[1.803s] [01m[K/usr/include/c++/11/bits/shared_ptr.h:295:9:[m[K   required from here
[1.803s] [01m[K/usr/include/c++/11/bits/shared_ptr.h:125:15:[m[K [01;31m[Kerror: [m[Kno type named ‘[01m[Ktype[m[K’ in ‘[01m[Kstruct std::enable_if<false, void>[m[K’
[1.803s]   125 |         using [01;31m[K_Constructible[m[K = typename enable_if<
[1.803s]       |               [01;31m[K^~~~~~~~~~~~~~[m[K
[1.803s] [01m[K/usr/include/c++/11/bits/shared_ptr.h:257:9:[m[K [01;36m[Knote: [m[Kcandidate: ‘[01m[Ktemplate<class _Yp> std::shared_ptr<_Tp>::shared_ptr(const std::shared_ptr<_Yp>&, std::shared_ptr<_Tp>::element_type*) [with _Yp = _Yp; _Tp = State][m[K’
[1.803s]   257 |         [01;36m[Kshared_ptr[m[K(const shared_ptr<_Yp>& __r, element_type* __p) noexcept
[1.803s]       |         [01;36m[K^~~~~~~~~~[m[K
[1.803s] [01m[K/usr/include/c++/11/bits/shared_ptr.h:257:9:[m[K [01;36m[Knote: [m[K  template argument deduction/substitution failed:
[1.803s] [01m[K/home/ana/my_gazebo_tutorials/src/walker/src/walker_node.cpp:26:11:[m[K [01;36m[Knote: [m[K  candidate expects 2 arguments, 1 provided
[1.803s]    26 |           [01;36m[Kstate(std::make_shared<MovingForward>())[m[K {
[1.803s]       |           [01;36m[K^~~~~~~~~~~~~~~~~~~~~~~~~~~~~~~~~~~~~~~~[m[K
[1.803s] In file included from [01m[K/usr/include/c++/11/memory:77[m[K,
[1.803s]                  from [01m[K/opt/ros/humble/include/geometry_msgs/geometry_msgs/msg/detail/twist__struct.hpp:10[m[K,
[1.803s]                  from [01m[K/opt/ros/humble/include/geometry_msgs/geometry_msgs/msg/twist.hpp:7[m[K,
[1.803s]                  from [01m[K/home/ana/my_gazebo_tutorials/src/walker/src/walker_node.cpp:1[m[K:
[1.804s] [01m[K/usr/include/c++/11/bits/shared_ptr.h:233:9:[m[K [01;36m[Knote: [m[Kcandidate: ‘[01m[Ktemplate<class _Deleter, class _Alloc> std::shared_ptr<_Tp>::shared_ptr(std::nullptr_t, _Deleter, _Alloc) [with _Deleter = _Deleter; _Alloc = _Alloc; _Tp = State][m[K’
[1.804s]   233 |         [01;36m[Kshared_ptr[m[K(nullptr_t __p, _Deleter __d, _Alloc __a)
[1.804s]       |         [01;36m[K^~~~~~~~~~[m[K
[1.804s] [01m[K/usr/include/c++/11/bits/shared_ptr.h:233:9:[m[K [01;36m[Knote: [m[K  template argument deduction/substitution failed:
[1.804s] [01m[K/home/ana/my_gazebo_tutorials/src/walker/src/walker_node.cpp:26:11:[m[K [01;36m[Knote: [m[K  candidate expects 3 arguments, 1 provided
[1.804s]    26 |           [01;36m[Kstate(std::make_shared<MovingForward>())[m[K {
[1.804s]       |           [01;36m[K^~~~~~~~~~~~~~~~~~~~~~~~~~~~~~~~~~~~~~~~[m[K
[1.804s] In file included from [01m[K/usr/include/c++/11/memory:77[m[K,
[1.804s]                  from [01m[K/opt/ros/humble/include/geometry_msgs/geometry_msgs/msg/detail/twist__struct.hpp:10[m[K,
[1.804s]                  from [01m[K/opt/ros/humble/include/geometry_msgs/geometry_msgs/msg/twist.hpp:7[m[K,
[1.804s]                  from [01m[K/home/ana/my_gazebo_tutorials/src/walker/src/walker_node.cpp:1[m[K:
[1.804s] [01m[K/usr/include/c++/11/bits/shared_ptr.h:214:9:[m[K [01;36m[Knote: [m[Kcandidate: ‘[01m[Ktemplate<class _Yp, class _Deleter, class _Alloc, class> std::shared_ptr<_Tp>::shared_ptr(_Yp*, _Deleter, _Alloc) [with _Yp = _Yp; _Deleter = _Deleter; _Alloc = _Alloc; <template-parameter-2-4> = <template-parameter-1-4>; _Tp = State][m[K’
[1.804s]   214 |         [01;36m[Kshared_ptr[m[K(_Yp* __p, _Deleter __d, _Alloc __a)
[1.804s]       |         [01;36m[K^~~~~~~~~~[m[K
[1.804s] [01m[K/usr/include/c++/11/bits/shared_ptr.h:214:9:[m[K [01;36m[Knote: [m[K  template argument deduction/substitution failed:
[1.804s] [01m[K/home/ana/my_gazebo_tutorials/src/walker/src/walker_node.cpp:26:11:[m[K [01;36m[Knote: [m[K  mismatched types ‘[01m[K_Yp*[m[K’ and ‘[01m[Kstd::shared_ptr<MovingForward>[m[K’
[1.804s]    26 |           [01;36m[Kstate(std::make_shared<MovingForward>())[m[K {
[1.804s]       |           [01;36m[K^~~~~~~~~~~~~~~~~~~~~~~~~~~~~~~~~~~~~~~~[m[K
[1.804s] In file included from [01m[K/usr/include/c++/11/memory:77[m[K,
[1.804s]                  from [01m[K/opt/ros/humble/include/geometry_msgs/geometry_msgs/msg/detail/twist__struct.hpp:10[m[K,
[1.804s]                  from [01m[K/opt/ros/humble/include/geometry_msgs/geometry_msgs/msg/twist.hpp:7[m[K,
[1.804s]                  from [01m[K/home/ana/my_gazebo_tutorials/src/walker/src/walker_node.cpp:1[m[K:
[1.804s] [01m[K/usr/include/c++/11/bits/shared_ptr.h:194:9:[m[K [01;36m[Knote: [m[Kcandidate: ‘[01m[Ktemplate<class _Deleter> std::shared_ptr<_Tp>::shared_ptr(std::nullptr_t, _Deleter) [with _Deleter = _Deleter; _Tp = State][m[K’
[1.804s]   194 |         [01;36m[Kshared_ptr[m[K(nullptr_t __p, _Deleter __d)
[1.804s]       |         [01;36m[K^~~~~~~~~~[m[K
[1.804s] [01m[K/usr/include/c++/11/bits/shared_ptr.h:194:9:[m[K [01;36m[Knote: [m[K  template argument deduction/substitution failed:
[1.804s] [01m[K/home/ana/my_gazebo_tutorials/src/walker/src/walker_node.cpp:26:11:[m[K [01;36m[Knote: [m[K  candidate expects 2 arguments, 1 provided
[1.804s]    26 |           [01;36m[Kstate(std::make_shared<MovingForward>())[m[K {
[1.804s]       |           [01;36m[K^~~~~~~~~~~~~~~~~~~~~~~~~~~~~~~~~~~~~~~~[m[K
[1.805s] In file included from [01m[K/usr/include/c++/11/memory:77[m[K,
[1.805s]                  from [01m[K/opt/ros/humble/include/geometry_msgs/geometry_msgs/msg/detail/twist__struct.hpp:10[m[K,
[1.805s]                  from [01m[K/opt/ros/humble/include/geometry_msgs/geometry_msgs/msg/twist.hpp:7[m[K,
[1.805s]                  from [01m[K/home/ana/my_gazebo_tutorials/src/walker/src/walker_node.cpp:1[m[K:
[1.805s] [01m[K/usr/include/c++/11/bits/shared_ptr.h:177:9:[m[K [01;36m[Knote: [m[Kcandidate: ‘[01m[Ktemplate<class _Yp, class _Deleter, class> std::shared_ptr<_Tp>::shared_ptr(_Yp*, _Deleter) [with _Yp = _Yp; _Deleter = _Deleter; <template-parameter-2-3> = <template-parameter-1-3>; _Tp = State][m[K’
[1.805s]   177 |         [01;36m[Kshared_ptr[m[K(_Yp* __p, _Deleter __d)
[1.805s]       |         [01;36m[K^~~~~~~~~~[m[K
[1.805s] [01m[K/usr/include/c++/11/bits/shared_ptr.h:177:9:[m[K [01;36m[Knote: [m[K  template argument deduction/substitution failed:
[1.805s] [01m[K/home/ana/my_gazebo_tutorials/src/walker/src/walker_node.cpp:26:11:[m[K [01;36m[Knote: [m[K  mismatched types ‘[01m[K_Yp*[m[K’ and ‘[01m[Kstd::shared_ptr<MovingForward>[m[K’
[1.805s]    26 |           [01;36m[Kstate(std::make_shared<MovingForward>())[m[K {
[1.805s]       |           [01;36m[K^~~~~~~~~~~~~~~~~~~~~~~~~~~~~~~~~~~~~~~~[m[K
[1.805s] In file included from [01m[K/usr/include/c++/11/memory:77[m[K,
[1.805s]                  from [01m[K/opt/ros/humble/include/geometry_msgs/geometry_msgs/msg/detail/twist__struct.hpp:10[m[K,
[1.805s]                  from [01m[K/opt/ros/humble/include/geometry_msgs/geometry_msgs/msg/twist.hpp:7[m[K,
[1.805s]                  from [01m[K/home/ana/my_gazebo_tutorials/src/walker/src/walker_node.cpp:1[m[K:
[1.805s] [01m[K/usr/include/c++/11/bits/shared_ptr.h:160:9:[m[K [01;36m[Knote: [m[Kcandidate: ‘[01m[Ktemplate<class _Yp, class> std::shared_ptr<_Tp>::shared_ptr(_Yp*) [with _Yp = _Yp; <template-parameter-2-2> = <template-parameter-1-2>; _Tp = State][m[K’
[1.805s]   160 |         [01;36m[Kshared_ptr[m[K(_Yp* __p) : __shared_ptr<_Tp>(__p) { }
[1.805s]       |         [01;36m[K^~~~~~~~~~[m[K
[1.805s] [01m[K/usr/include/c++/11/bits/shared_ptr.h:160:9:[m[K [01;36m[Knote: [m[K  template argument deduction/substitution failed:
[1.805s] [01m[K/home/ana/my_gazebo_tutorials/src/walker/src/walker_node.cpp:26:11:[m[K [01;36m[Knote: [m[K  mismatched types ‘[01m[K_Yp*[m[K’ and ‘[01m[Kstd::shared_ptr<MovingForward>[m[K’
[1.807s]    26 |           [01;36m[Kstate(std::make_shared<MovingForward>())[m[K {
[1.807s]       |           [01;36m[K^~~~~~~~~~~~~~~~~~~~~~~~~~~~~~~~~~~~~~~~[m[K
[1.807s] In file included from [01m[K/usr/include/c++/11/memory:77[m[K,
[1.807s]                  from [01m[K/opt/ros/humble/include/geometry_msgs/geometry_msgs/msg/detail/twist__struct.hpp:10[m[K,
[1.807s]                  from [01m[K/opt/ros/humble/include/geometry_msgs/geometry_msgs/msg/twist.hpp:7[m[K,
[1.807s]                  from [01m[K/home/ana/my_gazebo_tutorials/src/walker/src/walker_node.cpp:1[m[K:
[1.808s] [01m[K/usr/include/c++/11/bits/shared_ptr.h:417:7:[m[K [01;36m[Knote: [m[Kcandidate: ‘[01m[Kstd::shared_ptr<_Tp>::shared_ptr(const std::weak_ptr<_Tp>&, std::nothrow_t) [with _Tp = State][m[K’
[1.808s]   417 |       [01;36m[Kshared_ptr[m[K(const weak_ptr<_Tp>& __r, std::nothrow_t) noexcept
[1.808s]       |       [01;36m[K^~~~~~~~~~[m[K
[1.808s] [01m[K/usr/include/c++/11/bits/shared_ptr.h:417:7:[m[K [01;36m[Knote: [m[K  candidate expects 2 arguments, 1 provided
[1.808s] [01m[K/usr/include/c++/11/bits/shared_ptr.h:357:17:[m[K [01;36m[Knote: [m[Kcandidate: ‘[01m[Kconstexpr std::shared_ptr<_Tp>::shared_ptr(std::nullptr_t) [with _Tp = State; std::nullptr_t = std::nullptr_t][m[K’
[1.808s]   357 |       constexpr [01;36m[Kshared_ptr[m[K(nullptr_t) noexcept : shared_ptr() { }
[1.808s]       |                 [01;36m[K^~~~~~~~~~[m[K
[1.808s] [01m[K/usr/include/c++/11/bits/shared_ptr.h:357:28:[m[K [01;36m[Knote: [m[K  no known conversion for argument 1 from ‘[01m[Kstd::shared_ptr<MovingForward>[m[K’ to ‘[01m[Kstd::nullptr_t[m[K’
[1.808s]   357 |       constexpr shared_ptr([01;36m[Knullptr_t[m[K) noexcept : shared_ptr() { }
[1.808s]       |                            [01;36m[K^~~~~~~~~[m[K
[1.808s] [01m[K/usr/include/c++/11/bits/shared_ptr.h:304:7:[m[K [01;36m[Knote: [m[Kcandidate: ‘[01m[Kstd::shared_ptr<_Tp>::shared_ptr(std::shared_ptr<_Tp>&&) [with _Tp = State][m[K’
[1.808s]   304 |       [01;36m[Kshared_ptr[m[K(shared_ptr&& __r) noexcept
[1.808s]       |       [01;36m[K^~~~~~~~~~[m[K
[1.808s] [01m[K/usr/include/c++/11/bits/shared_ptr.h:304:31:[m[K [01;36m[Knote: [m[K  no known conversion for argument 1 from ‘[01m[Kstd::shared_ptr<MovingForward>[m[K’ to ‘[01m[Kstd::shared_ptr<State>&&[m[K’
[1.808s]   304 |       shared_ptr([01;36m[Kshared_ptr&& __r[m[K) noexcept
[1.808s]       |                  [01;36m[K~~~~~~~~~~~~~^~~[m[K
[1.808s] [01m[K/usr/include/c++/11/bits/shared_ptr.h:150:7:[m[K [01;36m[Knote: [m[Kcandidate: ‘[01m[Kstd::shared_ptr<_Tp>::shared_ptr(const std::shared_ptr<_Tp>&) [with _Tp = State][m[K’
[1.808s]   150 |       [01;36m[Kshared_ptr[m[K(const shared_ptr&) noexcept = default; ///< Copy constructor
[1.808s]       |       [01;36m[K^~~~~~~~~~[m[K
[1.808s] [01m[K/usr/include/c++/11/bits/shared_ptr.h:150:18:[m[K [01;36m[Knote: [m[K  no known conversion for argument 1 from ‘[01m[Kstd::shared_ptr<MovingForward>[m[K’ to ‘[01m[Kconst std::shared_ptr<State>&[m[K’
[1.808s]   150 |       shared_ptr([01;36m[Kconst shared_ptr&[m[K) noexcept = default; ///< Copy constructor
[1.808s]       |                  [01;36m[K^~~~~~~~~~~~~~~~~[m[K
[1.808s] [01m[K/usr/include/c++/11/bits/shared_ptr.h:148:17:[m[K [01;36m[Knote: [m[Kcandidate: ‘[01m[Kconstexpr std::shared_ptr<_Tp>::shared_ptr() [with _Tp = State][m[K’
[1.808s]   148 |       constexpr [01;36m[Kshared_ptr[m[K() noexcept : __shared_ptr<_Tp>() { }
[1.808s]       |                 [01;36m[K^~~~~~~~~~[m[K
[1.808s] [01m[K/usr/include/c++/11/bits/shared_ptr.h:148:17:[m[K [01;36m[Knote: [m[K  candidate expects 0 arguments, 1 provided
[1.812s] [01m[K/home/ana/my_gazebo_tutorials/src/walker/src/walker_node.cpp:[m[K In member function ‘[01m[Kvoid Walker::LaserDataCB(const LaserScan&)[m[K’:
[1.812s] [01m[K/home/ana/my_gazebo_tutorials/src/walker/src/walker_node.cpp:39:31:[m[K [01;31m[Kerror: [m[Kcannot convert ‘[01m[KWalker[m[K’ to ‘[01m[Kint&[m[K’
[1.812s]    39 |         state->handleObstacle([01;31m[K*this[m[K, scan);  // Handle obstacle detection
[1.812s]       |                               [01;31m[K^~~~~[m[K
[1.813s]       |                               [01;31m[K|[m[K
[1.813s]       |                               [01;31m[KWalker[m[K
[1.813s] [01m[K/home/ana/my_gazebo_tutorials/src/walker/src/walker_node.cpp:16:41:[m[K [01;36m[Knote: [m[K  initializing argument 1 of ‘[01m[Kvirtual void State::handleObstacle(int&, const LaserScan&)[m[K’
[1.813s]    16 |     virtual void handleObstacle([01;36m[KWalker &walker[m[K, const sensor_msgs::msg::LaserScan &scan) = 0;
[1.813s]       |                                 [01;36m[K~~~~~~~~^~~~~~[m[K
[1.816s] [01m[K/home/ana/my_gazebo_tutorials/src/walker/src/walker_node.cpp:[m[K At global scope:
[1.816s] [01m[K/home/ana/my_gazebo_tutorials/src/walker/src/walker_node.cpp:65:10:[m[K [01;31m[Kerror: [m[K‘[01m[Kvoid MovingForward::handleObstacle(Walker&, const LaserScan&)[m[K’ marked ‘[01m[Koverride[m[K’, but does not override
[1.816s]    65 |     void [01;31m[KhandleObstacle[m[K(Walker &walker, const sensor_msgs::msg::LaserScan &scan) override {
[1.816s]       |          [01;31m[K^~~~~~~~~~~~~~[m[K
[1.816s] [01m[K/home/ana/my_gazebo_tutorials/src/walker/src/walker_node.cpp:78:10:[m[K [01;31m[Kerror: [m[K‘[01m[Kvoid MovingForward::move(Walker&)[m[K’ marked ‘[01m[Koverride[m[K’, but does not override
[1.816s]    78 |     void [01;31m[Kmove[m[K(Walker &walker) override {
[1.816s]       |          [01;31m[K^~~~[m[K
[1.824s] [01m[K/home/ana/my_gazebo_tutorials/src/walker/src/walker_node.cpp:[m[K In member function ‘[01m[Kvoid MovingForward::handleObstacle(Walker&, const LaserScan&)[m[K’:
[1.824s] [01m[K/home/ana/my_gazebo_tutorials/src/walker/src/walker_node.cpp:74:64:[m[K [01;31m[Kerror: [m[Kcannot convert ‘[01m[Kshared_ptr<[01;32m[KRotatingClockwise[m[K>[m[K’ to ‘[01m[Kshared_ptr<[01;32m[KState[m[K>[m[K’
[1.824s]    74 |             walker.setState([01;31m[Kstd::make_shared<RotatingClockwise>()[m[K);
[1.824s]       |                             [01;31m[K~~~~~~~~~~~~~~~~~~~~~~~~~~~~~~~~~~~^~[m[K
[1.824s]       |                                                                [01;31m[K|[m[K
[1.824s]       |                                                                [01;31m[Kshared_ptr<RotatingClockwise>[m[K
[1.824s] [01m[K/home/ana/my_gazebo_tutorials/src/walker/src/walker_node.cpp:43:42:[m[K [01;36m[Knote: [m[K  initializing argument 1 of ‘[01m[Kvoid Walker::setState(std::shared_ptr<State>)[m[K’
[1.824s]    43 |     void setState([01;36m[Kstd::shared_ptr<State> newState[m[K) {
[1.824s]       |                   [01;36m[K~~~~~~~~~~~~~~~~~~~~~~~^~~~~~~~[m[K
[1.824s] [01m[K/home/ana/my_gazebo_tutorials/src/walker/src/walker_node.cpp:[m[K At global scope:
[1.824s] [01m[K/home/ana/my_gazebo_tutorials/src/walker/src/walker_node.cpp:90:10:[m[K [01;31m[Kerror: [m[K‘[01m[Kvoid RotatingClockwise::handleObstacle(Walker&, const LaserScan&)[m[K’ marked ‘[01m[Koverride[m[K’, but does not override
[1.824s]    90 |     void [01;31m[KhandleObstacle[m[K(Walker &walker, const sensor_msgs::msg::LaserScan &scan) override {
[1.824s]       |          [01;31m[K^~~~~~~~~~~~~~[m[K
[1.824s] [01m[K/home/ana/my_gazebo_tutorials/src/walker/src/walker_node.cpp:103:10:[m[K [01;31m[Kerror: [m[K‘[01m[Kvoid RotatingClockwise::move(Walker&)[m[K’ marked ‘[01m[Koverride[m[K’, but does not override
[1.824s]   103 |     void [01;31m[Kmove[m[K(Walker &walker) override {
[1.824s]       |          [01;31m[K^~~~[m[K
[1.824s] [01m[K/home/ana/my_gazebo_tutorials/src/walker/src/walker_node.cpp:[m[K In member function ‘[01m[Kvoid RotatingClockwise::handleObstacle(Walker&, const LaserScan&)[m[K’:
[1.824s] [01m[K/home/ana/my_gazebo_tutorials/src/walker/src/walker_node.cpp:99:60:[m[K [01;31m[Kerror: [m[Kcannot convert ‘[01m[Kshared_ptr<[01;32m[KMovingForward[m[K>[m[K’ to ‘[01m[Kshared_ptr<[01;32m[KState[m[K>[m[K’
[1.824s]    99 |             walker.setState([01;31m[Kstd::make_shared<MovingForward>()[m[K);
[1.824s]       |                             [01;31m[K~~~~~~~~~~~~~~~~~~~~~~~~~~~~~~~^~[m[K
[1.824s]       |                                                            [01;31m[K|[m[K
[1.824s]       |                                                            [01;31m[Kshared_ptr<MovingForward>[m[K
[1.824s] [01m[K/home/ana/my_gazebo_tutorials/src/walker/src/walker_node.cpp:43:42:[m[K [01;36m[Knote: [m[K  initializing argument 1 of ‘[01m[Kvoid Walker::setState(std::shared_ptr<State>)[m[K’
[1.824s]    43 |     void setState([01;36m[Kstd::shared_ptr<State> newState[m[K) {
[1.824s]       |                   [01;36m[K~~~~~~~~~~~~~~~~~~~~~~~^~~~~~~~[m[K
[1.824s] [01m[K/home/ana/my_gazebo_tutorials/src/walker/src/walker_node.cpp:[m[K At global scope:
[1.824s] [01m[K/home/ana/my_gazebo_tutorials/src/walker/src/walker_node.cpp:115:10:[m[K [01;31m[Kerror: [m[K‘[01m[Kvoid RotatingCounterClockwise::handleObstacle(Walker&, const LaserScan&)[m[K’ marked ‘[01m[Koverride[m[K’, but does not override
[1.824s]   115 |     void [01;31m[KhandleObstacle[m[K(Walker &walker, const sensor_msgs::msg::LaserScan &scan) override {
[1.825s]       |          [01;31m[K^~~~~~~~~~~~~~[m[K
[1.825s] [01m[K/home/ana/my_gazebo_tutorials/src/walker/src/walker_node.cpp:128:10:[m[K [01;31m[Kerror: [m[K‘[01m[Kvoid RotatingCounterClockwise::move(Walker&)[m[K’ marked ‘[01m[Koverride[m[K’, but does not override
[1.825s]   128 |     void [01;31m[Kmove[m[K(Walker &walker) override {
[1.825s]       |          [01;31m[K^~~~[m[K
[1.825s] [01m[K/home/ana/my_gazebo_tutorials/src/walker/src/walker_node.cpp:[m[K In member function ‘[01m[Kvoid RotatingCounterClockwise::handleObstacle(Walker&, const LaserScan&)[m[K’:
[1.825s] [01m[K/home/ana/my_gazebo_tutorials/src/walker/src/walker_node.cpp:124:60:[m[K [01;31m[Kerror: [m[Kcannot convert ‘[01m[Kshared_ptr<[01;32m[KMovingForward[m[K>[m[K’ to ‘[01m[Kshared_ptr<[01;32m[KState[m[K>[m[K’
[1.825s]   124 |             walker.setState([01;31m[Kstd::make_shared<MovingForward>()[m[K);
[1.825s]       |                             [01;31m[K~~~~~~~~~~~~~~~~~~~~~~~~~~~~~~~^~[m[K
[1.825s]       |                                                            [01;31m[K|[m[K
[1.825s]       |                                                            [01;31m[Kshared_ptr<MovingForward>[m[K
[1.825s] [01m[K/home/ana/my_gazebo_tutorials/src/walker/src/walker_node.cpp:43:42:[m[K [01;36m[Knote: [m[K  initializing argument 1 of ‘[01m[Kvoid Walker::setState(std::shared_ptr<State>)[m[K’
[1.825s]    43 |     void setState([01;36m[Kstd::shared_ptr<State> newState[m[K) {
[1.825s]       |                   [01;36m[K~~~~~~~~~~~~~~~~~~~~~~~^~~~~~~~[m[K
[2.313s] In file included from [01m[K/usr/include/x86_64-linux-gnu/c++/11/bits/c++allocator.h:33[m[K,
[2.313s]                  from [01m[K/usr/include/c++/11/bits/allocator.h:46[m[K,
[2.314s]                  from [01m[K/usr/include/c++/11/unordered_map:40[m[K,
[2.314s]                  from [01m[K/usr/include/c++/11/functional:61[m[K,
[2.314s]                  from [01m[K/usr/include/c++/11/pstl/glue_algorithm_defs.h:13[m[K,
[2.314s]                  from [01m[K/usr/include/c++/11/algorithm:74[m[K,
[2.314s]                  from [01m[K/opt/ros/humble/include/geometry_msgs/geometry_msgs/msg/detail/twist__struct.hpp:8[m[K,
[2.314s]                  from [01m[K/opt/ros/humble/include/geometry_msgs/geometry_msgs/msg/twist.hpp:7[m[K,
[2.314s]                  from [01m[K/home/ana/my_gazebo_tutorials/src/walker/src/walker_node.cpp:1[m[K:
[2.314s] /usr/include/c++/11/ext/new_allocator.h: In instantiation of ‘[01m[Kvoid __gnu_cxx::new_allocator<_Tp>::construct(_Up*, _Args&& ...) [with _Up = MovingForward; _Args = {}; _Tp = MovingForward][m[K’:
[2.314s] [01m[K/usr/include/c++/11/bits/alloc_traits.h:516:17:[m[K   required from ‘[01m[Kstatic void std::allocator_traits<std::allocator<_Tp1> >::construct(std::allocator_traits<std::allocator<_Tp1> >::allocator_type&, _Up*, _Args&& ...) [with _Up = MovingForward; _Args = {}; _Tp = MovingForward; std::allocator_traits<std::allocator<_Tp1> >::allocator_type = std::allocator<MovingForward>][m[K’
[2.314s] [01m[K/usr/include/c++/11/bits/shared_ptr_base.h:519:39:[m[K   required from ‘[01m[Kstd::_Sp_counted_ptr_inplace<_Tp, _Alloc, _Lp>::_Sp_counted_ptr_inplace(_Alloc, _Args&& ...) [with _Args = {}; _Tp = MovingForward; _Alloc = std::allocator<MovingForward>; __gnu_cxx::_Lock_policy _Lp = __gnu_cxx::_S_atomic][m[K’
[2.315s] [01m[K/usr/include/c++/11/bits/shared_ptr_base.h:650:16:[m[K   required from ‘[01m[Kstd::__shared_count<_Lp>::__shared_count(_Tp*&, std::_Sp_alloc_shared_tag<_Alloc>, _Args&& ...) [with _Tp = MovingForward; _Alloc = std::allocator<MovingForward>; _Args = {}; __gnu_cxx::_Lock_policy _Lp = __gnu_cxx::_S_atomic][m[K’
[2.315s] [01m[K/usr/include/c++/11/bits/shared_ptr_base.h:1342:14:[m[K   required from ‘[01m[Kstd::__shared_ptr<_Tp, _Lp>::__shared_ptr(std::_Sp_alloc_shared_tag<_Tp>, _Args&& ...) [with _Alloc = std::allocator<MovingForward>; _Args = {}; _Tp = MovingForward; __gnu_cxx::_Lock_policy _Lp = __gnu_cxx::_S_atomic][m[K’
[2.315s] [01m[K/usr/include/c++/11/bits/shared_ptr.h:409:59:[m[K   required from ‘[01m[Kstd::shared_ptr<_Tp>::shared_ptr(std::_Sp_alloc_shared_tag<_Tp>, _Args&& ...) [with _Alloc = std::allocator<MovingForward>; _Args = {}; _Tp = MovingForward][m[K’
[2.315s] [01m[K/usr/include/c++/11/bits/shared_ptr.h:862:14:[m[K   required from ‘[01m[Kstd::shared_ptr<_Tp> std::allocate_shared(const _Alloc&, _Args&& ...) [with _Tp = MovingForward; _Alloc = std::allocator<MovingForward>; _Args = {}][m[K’
[2.315s] [01m[K/usr/include/c++/11/bits/shared_ptr.h:878:39:[m[K   required from ‘[01m[Kstd::shared_ptr<_Tp> std::make_shared(_Args&& ...) [with _Tp = MovingForward; _Args = {}][m[K’
[2.315s] [01m[K/home/ana/my_gazebo_tutorials/src/walker/src/walker_node.cpp:26:48:[m[K   required from here
[2.315s] [01m[K/usr/include/c++/11/ext/new_allocator.h:162:11:[m[K [01;31m[Kerror: [m[Kinvalid new-expression of abstract class type ‘[01m[KMovingForward[m[K’
[2.315s]   162 |         { [01;31m[K::new((void *)__p) _Up(std::forward<_Args>(__args)...)[m[K; }
[2.315s]       |           [01;31m[K^~~~~~~~~~~~~~~~~~~~~~~~~~~~~~~~~~~~~~~~~~~~~~~~~~~~~~[m[K
[2.315s] [01m[K/home/ana/my_gazebo_tutorials/src/walker/src/walker_node.cpp:63:7:[m[K [01;36m[Knote: [m[K  because the following virtual functions are pure within ‘[01m[KMovingForward[m[K’:
[2.315s]    63 | class [01;36m[KMovingForward[m[K : public State {
[2.315s]       |       [01;36m[K^~~~~~~~~~~~~[m[K
[2.315s] [01m[K/home/ana/my_gazebo_tutorials/src/walker/src/walker_node.cpp:16:18:[m[K [01;36m[Knote: [m[K    ‘[01m[Kvirtual void State::handleObstacle(int&, const LaserScan&)[m[K’
[2.315s]    16 |     virtual void [01;36m[KhandleObstacle[m[K(Walker &walker, const sensor_msgs::msg::LaserScan &scan) = 0;
[2.315s]       |                  [01;36m[K^~~~~~~~~~~~~~[m[K
[2.318s] [01m[K/home/ana/my_gazebo_tutorials/src/walker/src/walker_node.cpp:17:18:[m[K [01;36m[Knote: [m[K    ‘[01m[Kvirtual void State::move(int&)[m[K’
[2.318s]    17 |     virtual void [01;36m[Kmove[m[K(Walker &walker) = 0;
[2.318s]       |                  [01;36m[K^~~~[m[K
[2.340s] In file included from [01m[K/usr/include/x86_64-linux-gnu/c++/11/bits/c++allocator.h:33[m[K,
[2.340s]                  from [01m[K/usr/include/c++/11/bits/allocator.h:46[m[K,
[2.340s]                  from [01m[K/usr/include/c++/11/unordered_map:40[m[K,
[2.341s]                  from [01m[K/usr/include/c++/11/functional:61[m[K,
[2.341s]                  from [01m[K/usr/include/c++/11/pstl/glue_algorithm_defs.h:13[m[K,
[2.341s]                  from [01m[K/usr/include/c++/11/algorithm:74[m[K,
[2.341s]                  from [01m[K/opt/ros/humble/include/geometry_msgs/geometry_msgs/msg/detail/twist__struct.hpp:8[m[K,
[2.341s]                  from [01m[K/opt/ros/humble/include/geometry_msgs/geometry_msgs/msg/twist.hpp:7[m[K,
[2.341s]                  from [01m[K/home/ana/my_gazebo_tutorials/src/walker/src/walker_node.cpp:1[m[K:
[2.341s] /usr/include/c++/11/ext/new_allocator.h: In instantiation of ‘[01m[Kvoid __gnu_cxx::new_allocator<_Tp>::construct(_Up*, _Args&& ...) [with _Up = RotatingClockwise; _Args = {}; _Tp = RotatingClockwise][m[K’:
[2.341s] [01m[K/usr/include/c++/11/bits/alloc_traits.h:516:17:[m[K   required from ‘[01m[Kstatic void std::allocator_traits<std::allocator<_Tp1> >::construct(std::allocator_traits<std::allocator<_Tp1> >::allocator_type&, _Up*, _Args&& ...) [with _Up = RotatingClockwise; _Args = {}; _Tp = RotatingClockwise; std::allocator_traits<std::allocator<_Tp1> >::allocator_type = std::allocator<RotatingClockwise>][m[K’
[2.341s] [01m[K/usr/include/c++/11/bits/shared_ptr_base.h:519:39:[m[K   required from ‘[01m[Kstd::_Sp_counted_ptr_inplace<_Tp, _Alloc, _Lp>::_Sp_counted_ptr_inplace(_Alloc, _Args&& ...) [with _Args = {}; _Tp = RotatingClockwise; _Alloc = std::allocator<RotatingClockwise>; __gnu_cxx::_Lock_policy _Lp = __gnu_cxx::_S_atomic][m[K’
[2.341s] [01m[K/usr/include/c++/11/bits/shared_ptr_base.h:650:16:[m[K   required from ‘[01m[Kstd::__shared_count<_Lp>::__shared_count(_Tp*&, std::_Sp_alloc_shared_tag<_Alloc>, _Args&& ...) [with _Tp = RotatingClockwise; _Alloc = std::allocator<RotatingClockwise>; _Args = {}; __gnu_cxx::_Lock_policy _Lp = __gnu_cxx::_S_atomic][m[K’
[2.341s] [01m[K/usr/include/c++/11/bits/shared_ptr_base.h:1342:14:[m[K   required from ‘[01m[Kstd::__shared_ptr<_Tp, _Lp>::__shared_ptr(std::_Sp_alloc_shared_tag<_Tp>, _Args&& ...) [with _Alloc = std::allocator<RotatingClockwise>; _Args = {}; _Tp = RotatingClockwise; __gnu_cxx::_Lock_policy _Lp = __gnu_cxx::_S_atomic][m[K’
[2.341s] [01m[K/usr/include/c++/11/bits/shared_ptr.h:409:59:[m[K   required from ‘[01m[Kstd::shared_ptr<_Tp>::shared_ptr(std::_Sp_alloc_shared_tag<_Tp>, _Args&& ...) [with _Alloc = std::allocator<RotatingClockwise>; _Args = {}; _Tp = RotatingClockwise][m[K’
[2.341s] [01m[K/usr/include/c++/11/bits/shared_ptr.h:862:14:[m[K   required from ‘[01m[Kstd::shared_ptr<_Tp> std::allocate_shared(const _Alloc&, _Args&& ...) [with _Tp = RotatingClockwise; _Alloc = std::allocator<RotatingClockwise>; _Args = {}][m[K’
[2.341s] [01m[K/usr/include/c++/11/bits/shared_ptr.h:878:39:[m[K   required from ‘[01m[Kstd::shared_ptr<_Tp> std::make_shared(_Args&& ...) [with _Tp = RotatingClockwise; _Args = {}][m[K’
[2.341s] [01m[K/home/ana/my_gazebo_tutorials/src/walker/src/walker_node.cpp:74:64:[m[K   required from here
[2.341s] [01m[K/usr/include/c++/11/ext/new_allocator.h:162:11:[m[K [01;31m[Kerror: [m[Kinvalid new-expression of abstract class type ‘[01m[KRotatingClockwise[m[K’
[2.341s]   162 |         { [01;31m[K::new((void *)__p) _Up(std::forward<_Args>(__args)...)[m[K; }
[2.341s]       |           [01;31m[K^~~~~~~~~~~~~~~~~~~~~~~~~~~~~~~~~~~~~~~~~~~~~~~~~~~~~~[m[K
[2.341s] [01m[K/home/ana/my_gazebo_tutorials/src/walker/src/walker_node.cpp:88:7:[m[K [01;36m[Knote: [m[K  because the following virtual functions are pure within ‘[01m[KRotatingClockwise[m[K’:
[2.341s]    88 | class [01;36m[KRotatingClockwise[m[K : public State {
[2.341s]       |       [01;36m[K^~~~~~~~~~~~~~~~~[m[K
[2.341s] [01m[K/home/ana/my_gazebo_tutorials/src/walker/src/walker_node.cpp:16:18:[m[K [01;36m[Knote: [m[K    ‘[01m[Kvirtual void State::handleObstacle(int&, const LaserScan&)[m[K’
[2.341s]    16 |     virtual void [01;36m[KhandleObstacle[m[K(Walker &walker, const sensor_msgs::msg::LaserScan &scan) = 0;
[2.341s]       |                  [01;36m[K^~~~~~~~~~~~~~[m[K
[2.341s] [01m[K/home/ana/my_gazebo_tutorials/src/walker/src/walker_node.cpp:17:18:[m[K [01;36m[Knote: [m[K    ‘[01m[Kvirtual void State::move(int&)[m[K’
[2.341s]    17 |     virtual void [01;36m[Kmove[m[K(Walker &walker) = 0;
[2.341s]       |                  [01;36m[K^~~~[m[K
[3.708s] gmake[2]: *** [CMakeFiles/walker_node.dir/build.make:76: CMakeFiles/walker_node.dir/src/walker_node.cpp.o] Error 1
[3.708s] gmake[1]: *** [CMakeFiles/Makefile2:137: CMakeFiles/walker_node.dir/all] Error 2
[3.708s] gmake: *** [Makefile:146: all] Error 2
[3.713s] Invoked command in '/home/ana/my_gazebo_tutorials/build/walker' returned '2': CMAKE_PREFIX_PATH=${CMAKE_PREFIX_PATH}:/opt/ros/humble /usr/bin/cmake --build /home/ana/my_gazebo_tutorials/build/walker -- -j2 -l2
