[0.018s] Invoking command in '/home/ana/my_gazebo_tutorials/build/walker': CMAKE_PREFIX_PATH=${CMAKE_PREFIX_PATH}:/opt/ros/humble /usr/bin/cmake --build /home/ana/my_gazebo_tutorials/build/walker -- -j2 -l2
[0.104s] [35m[1mConsolidate compiler generated dependencies of target walker_node[0m
[0.138s] [ 50%] [32mBuilding CXX object CMakeFiles/walker_node.dir/src/walker_node.cpp.o[0m
[8.322s] [100%] [32m[1mLinking CXX executable walker_node[0m
[8.929s] [100%] Built target walker_node
[8.947s] Invoked command in '/home/ana/my_gazebo_tutorials/build/walker' returned '0': CMAKE_PREFIX_PATH=${CMAKE_PREFIX_PATH}:/opt/ros/humble /usr/bin/cmake --build /home/ana/my_gazebo_tutorials/build/walker -- -j2 -l2
[8.994s] Invoking command in '/home/ana/my_gazebo_tutorials/build/walker': CMAKE_PREFIX_PATH=${CMAKE_PREFIX_PATH}:/opt/ros/humble /usr/bin/cmake --install /home/ana/my_gazebo_tutorials/build/walker
[9.009s] -- Install configuration: ""
[9.013s] -- Installing: /home/ana/my_gazebo_tutorials/install/walker/lib/walker/walker_node
[9.017s] -- Set runtime path of "/home/ana/my_gazebo_tutorials/install/walker/lib/walker/walker_node" to ""
[9.017s] -- Up-to-date: /home/ana/my_gazebo_tutorials/install/walker/share/walker//launch
[9.018s] -- Installing: /home/ana/my_gazebo_tutorials/install/walker/share/walker//launch/walker_launch.py
[9.019s] -- Up-to-date: /home/ana/my_gazebo_tutorials/install/walker/share/ament_index/resource_index/package_run_dependencies/walker
[9.019s] -- Up-to-date: /home/ana/my_gazebo_tutorials/install/walker/share/ament_index/resource_index/parent_prefix_path/walker
[9.020s] -- Up-to-date: /home/ana/my_gazebo_tutorials/install/walker/share/walker/environment/ament_prefix_path.sh
[9.020s] -- Up-to-date: /home/ana/my_gazebo_tutorials/install/walker/share/walker/environment/ament_prefix_path.dsv
[9.020s] -- Up-to-date: /home/ana/my_gazebo_tutorials/install/walker/share/walker/environment/path.sh
[9.020s] -- Up-to-date: /home/ana/my_gazebo_tutorials/install/walker/share/walker/environment/path.dsv
[9.020s] -- Up-to-date: /home/ana/my_gazebo_tutorials/install/walker/share/walker/local_setup.bash
[9.022s] -- Up-to-date: /home/ana/my_gazebo_tutorials/install/walker/share/walker/local_setup.sh
[9.022s] -- Up-to-date: /home/ana/my_gazebo_tutorials/install/walker/share/walker/local_setup.zsh
[9.022s] -- Up-to-date: /home/ana/my_gazebo_tutorials/install/walker/share/walker/local_setup.dsv
[9.022s] -- Installing: /home/ana/my_gazebo_tutorials/install/walker/share/walker/package.dsv
[9.023s] -- Up-to-date: /home/ana/my_gazebo_tutorials/install/walker/share/ament_index/resource_index/packages/walker
[9.023s] -- Up-to-date: /home/ana/my_gazebo_tutorials/install/walker/share/walker/cmake/walkerConfig.cmake
[9.023s] -- Up-to-date: /home/ana/my_gazebo_tutorials/install/walker/share/walker/cmake/walkerConfig-version.cmake
[9.023s] -- Up-to-date: /home/ana/my_gazebo_tutorials/install/walker/share/walker/package.xml
[9.028s] Invoked command in '/home/ana/my_gazebo_tutorials/build/walker' returned '0': CMAKE_PREFIX_PATH=${CMAKE_PREFIX_PATH}:/opt/ros/humble /usr/bin/cmake --install /home/ana/my_gazebo_tutorials/build/walker
