[0.150s] DEBUG:colcon:Command line arguments: ['/home/ana/.local/bin/colcon', 'build']
[0.150s] DEBUG:colcon:Parsed command line arguments: Namespace(log_base=None, log_level=None, verb_name='build', build_base='build', install_base='install', merge_install=False, symlink_install=False, test_result_base=None, continue_on_error=False, executor='parallel', parallel_workers=2, event_handlers=None, ignore_user_meta=False, metas=['./colcon.meta'], base_paths=['.'], packages_ignore=None, packages_ignore_regex=None, paths=None, packages_up_to=None, packages_up_to_regex=None, packages_above=None, packages_above_and_dependencies=None, packages_above_depth=None, packages_select_by_dep=None, packages_skip_by_dep=None, packages_skip_up_to=None, packages_select_build_failed=False, packages_skip_build_finished=False, packages_select_test_failures=False, packages_skip_test_passed=False, packages_select=None, packages_skip=None, packages_select_regex=None, packages_skip_regex=None, packages_start=None, packages_end=None, allow_overriding=[], cmake_args=None, cmake_target=None, cmake_target_skip_unavailable=False, cmake_clean_cache=False, cmake_clean_first=False, cmake_force_configure=False, ament_cmake_args=None, catkin_cmake_args=None, catkin_skip_building_tests=False, mixin_files=None, mixin=None, verb_parser=<colcon_mixin.mixin.mixin_argument.MixinArgumentDecorator object at 0x76a59f91ca90>, verb_extension=<colcon_core.verb.build.BuildVerb object at 0x76a59f91c520>, main=<bound method BuildVerb.main of <colcon_core.verb.build.BuildVerb object at 0x76a59f91c520>>, mixin_verb=('build',))
[0.299s] Level 1:colcon.colcon_core.package_discovery:discover_packages(colcon_meta) check parameters
[0.300s] Level 1:colcon.colcon_core.package_discovery:discover_packages(recursive) check parameters
[0.300s] Level 1:colcon.colcon_core.package_discovery:discover_packages(ignore) check parameters
[0.300s] Level 1:colcon.colcon_core.package_discovery:discover_packages(path) check parameters
[0.300s] Level 1:colcon.colcon_core.package_discovery:discover_packages(colcon_meta) discover
[0.300s] Level 1:colcon.colcon_core.package_discovery:discover_packages(recursive) discover
[0.300s] INFO:colcon.colcon_core.package_discovery:Crawling recursively for packages in '/home/ana/my_gazebo_tutorials'
[0.300s] Level 1:colcon.colcon_core.package_identification:_identify(.) by extensions ['ignore', 'ignore_ament_install']
[0.300s] Level 1:colcon.colcon_core.package_identification:_identify(.) by extension 'ignore'
[0.300s] Level 1:colcon.colcon_core.package_identification:_identify(.) by extension 'ignore_ament_install'
[0.300s] Level 1:colcon.colcon_core.package_identification:_identify(.) by extensions ['colcon_pkg']
[0.300s] Level 1:colcon.colcon_core.package_identification:_identify(.) by extension 'colcon_pkg'
[0.300s] Level 1:colcon.colcon_core.package_identification:_identify(.) by extensions ['colcon_meta']
[0.300s] Level 1:colcon.colcon_core.package_identification:_identify(.) by extension 'colcon_meta'
[0.300s] Level 1:colcon.colcon_core.package_identification:_identify(.) by extensions ['ros']
[0.300s] Level 1:colcon.colcon_core.package_identification:_identify(.) by extension 'ros'
[0.318s] Level 1:colcon.colcon_core.package_identification:_identify(.) by extensions ['cmake', 'python']
[0.318s] Level 1:colcon.colcon_core.package_identification:_identify(.) by extension 'cmake'
[0.318s] Level 1:colcon.colcon_core.package_identification:_identify(.) by extension 'python'
[0.318s] Level 1:colcon.colcon_core.package_identification:_identify(.) by extensions ['python_setup_py']
[0.318s] Level 1:colcon.colcon_core.package_identification:_identify(.) by extension 'python_setup_py'
[0.318s] Level 1:colcon.colcon_core.package_identification:_identify(build) by extensions ['ignore', 'ignore_ament_install']
[0.318s] Level 1:colcon.colcon_core.package_identification:_identify(build) by extension 'ignore'
[0.318s] Level 1:colcon.colcon_core.package_identification:_identify(build) ignored
[0.319s] Level 1:colcon.colcon_core.package_identification:_identify(install) by extensions ['ignore', 'ignore_ament_install']
[0.319s] Level 1:colcon.colcon_core.package_identification:_identify(install) by extension 'ignore'
[0.319s] Level 1:colcon.colcon_core.package_identification:_identify(install) ignored
[0.319s] Level 1:colcon.colcon_core.package_identification:_identify(log) by extensions ['ignore', 'ignore_ament_install']
[0.319s] Level 1:colcon.colcon_core.package_identification:_identify(log) by extension 'ignore'
[0.319s] Level 1:colcon.colcon_core.package_identification:_identify(log) ignored
[0.319s] Level 1:colcon.colcon_core.package_identification:_identify(src) by extensions ['ignore', 'ignore_ament_install']
[0.319s] Level 1:colcon.colcon_core.package_identification:_identify(src) by extension 'ignore'
[0.319s] Level 1:colcon.colcon_core.package_identification:_identify(src) by extension 'ignore_ament_install'
[0.319s] Level 1:colcon.colcon_core.package_identification:_identify(src) by extensions ['colcon_pkg']
[0.319s] Level 1:colcon.colcon_core.package_identification:_identify(src) by extension 'colcon_pkg'
[0.319s] Level 1:colcon.colcon_core.package_identification:_identify(src) by extensions ['colcon_meta']
[0.319s] Level 1:colcon.colcon_core.package_identification:_identify(src) by extension 'colcon_meta'
[0.319s] Level 1:colcon.colcon_core.package_identification:_identify(src) by extensions ['ros']
[0.319s] Level 1:colcon.colcon_core.package_identification:_identify(src) by extension 'ros'
[0.319s] Level 1:colcon.colcon_core.package_identification:_identify(src) by extensions ['cmake', 'python']
[0.319s] Level 1:colcon.colcon_core.package_identification:_identify(src) by extension 'cmake'
[0.319s] Level 1:colcon.colcon_core.package_identification:_identify(src) by extension 'python'
[0.319s] Level 1:colcon.colcon_core.package_identification:_identify(src) by extensions ['python_setup_py']
[0.319s] Level 1:colcon.colcon_core.package_identification:_identify(src) by extension 'python_setup_py'
[0.319s] Level 1:colcon.colcon_core.package_identification:_identify(src/walker) by extensions ['ignore', 'ignore_ament_install']
[0.319s] Level 1:colcon.colcon_core.package_identification:_identify(src/walker) by extension 'ignore'
[0.319s] Level 1:colcon.colcon_core.package_identification:_identify(src/walker) by extension 'ignore_ament_install'
[0.319s] Level 1:colcon.colcon_core.package_identification:_identify(src/walker) by extensions ['colcon_pkg']
[0.319s] Level 1:colcon.colcon_core.package_identification:_identify(src/walker) by extension 'colcon_pkg'
[0.319s] Level 1:colcon.colcon_core.package_identification:_identify(src/walker) by extensions ['colcon_meta']
[0.319s] Level 1:colcon.colcon_core.package_identification:_identify(src/walker) by extension 'colcon_meta'
[0.319s] Level 1:colcon.colcon_core.package_identification:_identify(src/walker) by extensions ['ros']
[0.320s] Level 1:colcon.colcon_core.package_identification:_identify(src/walker) by extension 'ros'
[0.322s] DEBUG:colcon.colcon_core.package_identification:Package 'src/walker' with type 'ros.ament_cmake' and name 'walker'
[0.322s] Level 1:colcon.colcon_core.package_discovery:discover_packages(recursive) using defaults
[0.323s] Level 1:colcon.colcon_core.package_discovery:discover_packages(ignore) discover
[0.323s] Level 1:colcon.colcon_core.package_discovery:discover_packages(ignore) using defaults
[0.323s] Level 1:colcon.colcon_core.package_discovery:discover_packages(path) discover
[0.323s] Level 1:colcon.colcon_core.package_discovery:discover_packages(path) using defaults
[0.348s] Level 1:colcon.colcon_core.package_discovery:discover_packages(prefix_path) check parameters
[0.348s] Level 1:colcon.colcon_core.package_discovery:discover_packages(prefix_path) discover
[0.349s] DEBUG:colcon.colcon_installed_package_information.package_discovery:Found 1 installed packages in /home/ana/my_gazebo_tutorials/install
[0.350s] DEBUG:colcon.colcon_installed_package_information.package_discovery:Found 384 installed packages in /opt/ros/humble
[0.362s] Level 1:colcon.colcon_core.package_discovery:discover_packages(prefix_path) using defaults
[0.415s] Level 5:colcon.colcon_core.verb:set package 'walker' build argument 'cmake_args' from command line to 'None'
[0.415s] Level 5:colcon.colcon_core.verb:set package 'walker' build argument 'cmake_target' from command line to 'None'
[0.415s] Level 5:colcon.colcon_core.verb:set package 'walker' build argument 'cmake_target_skip_unavailable' from command line to 'False'
[0.415s] Level 5:colcon.colcon_core.verb:set package 'walker' build argument 'cmake_clean_cache' from command line to 'False'
[0.415s] Level 5:colcon.colcon_core.verb:set package 'walker' build argument 'cmake_clean_first' from command line to 'False'
[0.415s] Level 5:colcon.colcon_core.verb:set package 'walker' build argument 'cmake_force_configure' from command line to 'False'
[0.415s] Level 5:colcon.colcon_core.verb:set package 'walker' build argument 'ament_cmake_args' from command line to 'None'
[0.415s] Level 5:colcon.colcon_core.verb:set package 'walker' build argument 'catkin_cmake_args' from command line to 'None'
[0.415s] Level 5:colcon.colcon_core.verb:set package 'walker' build argument 'catkin_skip_building_tests' from command line to 'False'
[0.415s] DEBUG:colcon.colcon_core.verb:Building package 'walker' with the following arguments: {'ament_cmake_args': None, 'build_base': '/home/ana/my_gazebo_tutorials/build/walker', 'catkin_cmake_args': None, 'catkin_skip_building_tests': False, 'cmake_args': None, 'cmake_clean_cache': False, 'cmake_clean_first': False, 'cmake_force_configure': False, 'cmake_target': None, 'cmake_target_skip_unavailable': False, 'install_base': '/home/ana/my_gazebo_tutorials/install/walker', 'merge_install': False, 'path': '/home/ana/my_gazebo_tutorials/src/walker', 'symlink_install': False, 'test_result_base': None}
[0.415s] INFO:colcon.colcon_core.executor:Executing jobs using 'parallel' executor
[0.416s] DEBUG:colcon.colcon_parallel_executor.executor.parallel:run_until_complete
[0.416s] INFO:colcon.colcon_ros.task.ament_cmake.build:Building ROS package in '/home/ana/my_gazebo_tutorials/src/walker' with build type 'ament_cmake'
[0.416s] INFO:colcon.colcon_cmake.task.cmake.build:Building CMake package in '/home/ana/my_gazebo_tutorials/src/walker'
[0.419s] INFO:colcon.colcon_core.plugin_system:Skipping extension 'colcon_core.shell.bat': Not used on non-Windows systems
[0.419s] INFO:colcon.colcon_core.shell:Skip shell extension 'powershell' for command environment: Not usable outside of PowerShell
[0.419s] DEBUG:colcon.colcon_core.shell:Skip shell extension 'dsv' for command environment
[0.443s] DEBUG:colcon.colcon_core.event_handler.log_command:Invoking command in '/home/ana/my_gazebo_tutorials/build/walker': CMAKE_PREFIX_PATH=${CMAKE_PREFIX_PATH}:/opt/ros/humble /usr/bin/cmake --build /home/ana/my_gazebo_tutorials/build/walker -- -j2 -l2
[10.004s] DEBUG:colcon.colcon_core.event_handler.log_command:Invoked command in '/home/ana/my_gazebo_tutorials/build/walker' returned '0': CMAKE_PREFIX_PATH=${CMAKE_PREFIX_PATH}:/opt/ros/humble /usr/bin/cmake --build /home/ana/my_gazebo_tutorials/build/walker -- -j2 -l2
[10.046s] DEBUG:colcon.colcon_core.event_handler.log_command:Invoking command in '/home/ana/my_gazebo_tutorials/build/walker': CMAKE_PREFIX_PATH=${CMAKE_PREFIX_PATH}:/opt/ros/humble /usr/bin/cmake --install /home/ana/my_gazebo_tutorials/build/walker
[10.072s] Level 1:colcon.colcon_core.environment:create_environment_scripts_only(walker)
[10.075s] DEBUG:colcon.colcon_core.event_handler.log_command:Invoked command in '/home/ana/my_gazebo_tutorials/build/walker' returned '0': CMAKE_PREFIX_PATH=${CMAKE_PREFIX_PATH}:/opt/ros/humble /usr/bin/cmake --install /home/ana/my_gazebo_tutorials/build/walker
[10.076s] Level 1:colcon.colcon_core.environment:checking '/home/ana/my_gazebo_tutorials/install/walker' for CMake module files
[10.076s] Level 1:colcon.colcon_core.environment:checking '/home/ana/my_gazebo_tutorials/install/walker' for CMake config files
[10.077s] Level 1:colcon.colcon_core.shell:create_environment_hook('walker', 'cmake_prefix_path')
[10.077s] INFO:colcon.colcon_core.shell:Creating environment hook '/home/ana/my_gazebo_tutorials/install/walker/share/walker/hook/cmake_prefix_path.ps1'
[10.077s] INFO:colcon.colcon_core.shell:Creating environment descriptor '/home/ana/my_gazebo_tutorials/install/walker/share/walker/hook/cmake_prefix_path.dsv'
[10.078s] INFO:colcon.colcon_core.shell:Creating environment hook '/home/ana/my_gazebo_tutorials/install/walker/share/walker/hook/cmake_prefix_path.sh'
[10.079s] Level 1:colcon.colcon_core.environment:checking '/home/ana/my_gazebo_tutorials/install/walker/lib'
[10.079s] Level 1:colcon.colcon_core.environment:checking '/home/ana/my_gazebo_tutorials/install/walker/bin'
[10.079s] Level 1:colcon.colcon_core.environment:checking '/home/ana/my_gazebo_tutorials/install/walker/lib/pkgconfig/walker.pc'
[10.080s] Level 1:colcon.colcon_core.environment:checking '/home/ana/my_gazebo_tutorials/install/walker/lib/python3.10/site-packages'
[10.080s] Level 1:colcon.colcon_core.environment:checking '/home/ana/my_gazebo_tutorials/install/walker/bin'
[10.080s] INFO:colcon.colcon_core.shell:Creating package script '/home/ana/my_gazebo_tutorials/install/walker/share/walker/package.ps1'
[10.081s] INFO:colcon.colcon_core.shell:Creating package descriptor '/home/ana/my_gazebo_tutorials/install/walker/share/walker/package.dsv'
[10.081s] INFO:colcon.colcon_core.shell:Creating package script '/home/ana/my_gazebo_tutorials/install/walker/share/walker/package.sh'
[10.082s] INFO:colcon.colcon_core.shell:Creating package script '/home/ana/my_gazebo_tutorials/install/walker/share/walker/package.bash'
[10.083s] INFO:colcon.colcon_core.shell:Creating package script '/home/ana/my_gazebo_tutorials/install/walker/share/walker/package.zsh'
[10.083s] Level 1:colcon.colcon_core.environment:create_file_with_runtime_dependencies(/home/ana/my_gazebo_tutorials/install/walker/share/colcon-core/packages/walker)
[10.116s] Level 1:colcon.colcon_core.environment:create_environment_scripts_only(walker)
[10.116s] Level 1:colcon.colcon_core.environment:checking '/home/ana/my_gazebo_tutorials/install/walker' for CMake module files
[10.117s] Level 1:colcon.colcon_core.environment:checking '/home/ana/my_gazebo_tutorials/install/walker' for CMake config files
[10.117s] Level 1:colcon.colcon_core.shell:create_environment_hook('walker', 'cmake_prefix_path')
[10.117s] INFO:colcon.colcon_core.shell:Creating environment hook '/home/ana/my_gazebo_tutorials/install/walker/share/walker/hook/cmake_prefix_path.ps1'
[10.118s] INFO:colcon.colcon_core.shell:Creating environment descriptor '/home/ana/my_gazebo_tutorials/install/walker/share/walker/hook/cmake_prefix_path.dsv'
[10.118s] INFO:colcon.colcon_core.shell:Creating environment hook '/home/ana/my_gazebo_tutorials/install/walker/share/walker/hook/cmake_prefix_path.sh'
[10.119s] Level 1:colcon.colcon_core.environment:checking '/home/ana/my_gazebo_tutorials/install/walker/lib'
[10.119s] Level 1:colcon.colcon_core.environment:checking '/home/ana/my_gazebo_tutorials/install/walker/bin'
[10.119s] Level 1:colcon.colcon_core.environment:checking '/home/ana/my_gazebo_tutorials/install/walker/lib/pkgconfig/walker.pc'
[10.119s] Level 1:colcon.colcon_core.environment:checking '/home/ana/my_gazebo_tutorials/install/walker/lib/python3.10/site-packages'
[10.119s] Level 1:colcon.colcon_core.environment:checking '/home/ana/my_gazebo_tutorials/install/walker/bin'
[10.119s] INFO:colcon.colcon_core.shell:Creating package script '/home/ana/my_gazebo_tutorials/install/walker/share/walker/package.ps1'
[10.120s] INFO:colcon.colcon_core.shell:Creating package descriptor '/home/ana/my_gazebo_tutorials/install/walker/share/walker/package.dsv'
[10.121s] INFO:colcon.colcon_core.shell:Creating package script '/home/ana/my_gazebo_tutorials/install/walker/share/walker/package.sh'
[10.121s] INFO:colcon.colcon_core.shell:Creating package script '/home/ana/my_gazebo_tutorials/install/walker/share/walker/package.bash'
[10.121s] INFO:colcon.colcon_core.shell:Creating package script '/home/ana/my_gazebo_tutorials/install/walker/share/walker/package.zsh'
[10.122s] Level 1:colcon.colcon_core.environment:create_file_with_runtime_dependencies(/home/ana/my_gazebo_tutorials/install/walker/share/colcon-core/packages/walker)
[10.122s] DEBUG:colcon.colcon_parallel_executor.executor.parallel:closing loop
[10.123s] DEBUG:colcon.colcon_parallel_executor.executor.parallel:loop closed
[10.123s] DEBUG:colcon.colcon_parallel_executor.executor.parallel:run_until_complete finished with '0'
[10.123s] DEBUG:colcon.colcon_core.event_reactor:joining thread
[10.136s] INFO:colcon.colcon_core.plugin_system:Skipping extension 'colcon_notification.desktop_notification.terminal_notifier': Not used on non-Darwin systems
[10.136s] INFO:colcon.colcon_core.plugin_system:Skipping extension 'colcon_notification.desktop_notification.win32': Not used on non-Windows systems
[10.136s] INFO:colcon.colcon_notification.desktop_notification:Sending desktop notification using 'notify2'
[10.193s] DEBUG:colcon.colcon_core.event_reactor:joined thread
[10.193s] INFO:colcon.colcon_core.shell:Creating prefix script '/home/ana/my_gazebo_tutorials/install/local_setup.ps1'
[10.195s] INFO:colcon.colcon_core.shell:Creating prefix util module '/home/ana/my_gazebo_tutorials/install/_local_setup_util_ps1.py'
[10.196s] INFO:colcon.colcon_core.shell:Creating prefix chain script '/home/ana/my_gazebo_tutorials/install/setup.ps1'
[10.197s] INFO:colcon.colcon_core.shell:Creating prefix script '/home/ana/my_gazebo_tutorials/install/local_setup.sh'
[10.198s] INFO:colcon.colcon_core.shell:Creating prefix util module '/home/ana/my_gazebo_tutorials/install/_local_setup_util_sh.py'
[10.200s] INFO:colcon.colcon_core.shell:Creating prefix chain script '/home/ana/my_gazebo_tutorials/install/setup.sh'
[10.202s] INFO:colcon.colcon_core.shell:Creating prefix script '/home/ana/my_gazebo_tutorials/install/local_setup.bash'
[10.203s] INFO:colcon.colcon_core.shell:Creating prefix chain script '/home/ana/my_gazebo_tutorials/install/setup.bash'
[10.204s] INFO:colcon.colcon_core.shell:Creating prefix script '/home/ana/my_gazebo_tutorials/install/local_setup.zsh'
[10.205s] INFO:colcon.colcon_core.shell:Creating prefix chain script '/home/ana/my_gazebo_tutorials/install/setup.zsh'
