[0.013s] Invoking command in '/home/ana/my_gazebo_tutorials/build/walker': CMAKE_PREFIX_PATH=${CMAKE_PREFIX_PATH}:/opt/ros/humble /usr/bin/cmake --build /home/ana/my_gazebo_tutorials/build/walker -- -j2 -l2
[0.039s] -- Found ament_cmake: 1.3.10 (/opt/ros/humble/share/ament_cmake/cmake)
[0.195s] -- Found rclcpp: 16.0.10 (/opt/ros/humble/share/rclcpp/cmake)
[0.244s] -- Found rosidl_generator_c: 3.1.5 (/opt/ros/humble/share/rosidl_generator_c/cmake)
[0.247s] -- Found rosidl_adapter: 3.1.5 (/opt/ros/humble/share/rosidl_adapter/cmake)
[0.255s] -- Found rosidl_generator_cpp: 3.1.5 (/opt/ros/humble/share/rosidl_generator_cpp/cmake)
[0.270s] -- Using all available rosidl_typesupport_c: rosidl_typesupport_fastrtps_c;rosidl_typesupport_introspection_c
[0.285s] -- Using all available rosidl_typesupport_cpp: rosidl_typesupport_fastrtps_cpp;rosidl_typesupport_introspection_cpp
[0.337s] -- Found rmw_implementation_cmake: 6.1.2 (/opt/ros/humble/share/rmw_implementation_cmake/cmake)
[0.341s] -- Found rmw_fastrtps_cpp: 6.2.7 (/opt/ros/humble/share/rmw_fastrtps_cpp/cmake)
[0.452s] -- Using RMW implementation 'rmw_fastrtps_cpp' as default
[0.522s] -- Found rclpy: 3.3.14 (/opt/ros/humble/share/rclpy/cmake)
[0.523s] -- Found geometry_msgs: 4.2.4 (/opt/ros/humble/share/geometry_msgs/cmake)
[0.541s] -- Found sensor_msgs: 4.2.4 (/opt/ros/humble/share/sensor_msgs/cmake)
[0.560s] -- Found nav_msgs: 4.2.4 (/opt/ros/humble/share/nav_msgs/cmake)
[0.582s] -- Found ament_lint_auto: 0.12.11 (/opt/ros/humble/share/ament_lint_auto/cmake)
[0.653s] -- Added test 'cppcheck' to perform static code analysis on C / C++ code
[0.654s] -- Configured cppcheck include dirs: 
[0.654s] -- Configured cppcheck exclude dirs and/or files: 
[0.655s] -- Added test 'flake8' to check Python code syntax and style conventions
[0.656s] -- Added test 'lint_cmake' to check CMake code style
[0.657s] -- Added test 'pep257' to check Python code against some of the docstring style conventions in PEP 257
[0.658s] -- Added test 'uncrustify' to check C / C++ code style
[0.658s] -- Configured uncrustify additional arguments: 
[0.659s] -- Added test 'xmllint' to check XML markup files
[0.660s] -- Configuring done
[0.672s] -- Generating done
[0.675s] -- Build files have been written to: /home/ana/my_gazebo_tutorials/build/walker
[0.701s] [35m[1mConsolidate compiler generated dependencies of target walker_node[0m
[0.721s] [ 50%] [32mBuilding CXX object CMakeFiles/walker_node.dir/src/walker_node.cpp.o[0m
[8.070s] [100%] [32m[1mLinking CXX executable walker_node[0m
[8.428s] [100%] Built target walker_node
[8.441s] Invoked command in '/home/ana/my_gazebo_tutorials/build/walker' returned '0': CMAKE_PREFIX_PATH=${CMAKE_PREFIX_PATH}:/opt/ros/humble /usr/bin/cmake --build /home/ana/my_gazebo_tutorials/build/walker -- -j2 -l2
[8.482s] Invoking command in '/home/ana/my_gazebo_tutorials/build/walker': CMAKE_PREFIX_PATH=${CMAKE_PREFIX_PATH}:/opt/ros/humble /usr/bin/cmake --install /home/ana/my_gazebo_tutorials/build/walker
[8.491s] -- Install configuration: ""
[8.491s] -- Installing: /home/ana/my_gazebo_tutorials/install/walker/lib/walker/walker_node
[8.496s] -- Set runtime path of "/home/ana/my_gazebo_tutorials/install/walker/lib/walker/walker_node" to ""
[8.496s] -- Up-to-date: /home/ana/my_gazebo_tutorials/install/walker/share/walker//launch
[8.496s] -- Up-to-date: /home/ana/my_gazebo_tutorials/install/walker/share/walker//launch/walker_launch.py
[8.496s] -- Up-to-date: /home/ana/my_gazebo_tutorials/install/walker/share/ament_index/resource_index/package_run_dependencies/walker
[8.497s] -- Up-to-date: /home/ana/my_gazebo_tutorials/install/walker/share/ament_index/resource_index/parent_prefix_path/walker
[8.497s] -- Up-to-date: /home/ana/my_gazebo_tutorials/install/walker/share/walker/environment/ament_prefix_path.sh
[8.497s] -- Installing: /home/ana/my_gazebo_tutorials/install/walker/share/walker/environment/ament_prefix_path.dsv
[8.497s] -- Up-to-date: /home/ana/my_gazebo_tutorials/install/walker/share/walker/environment/path.sh
[8.497s] -- Installing: /home/ana/my_gazebo_tutorials/install/walker/share/walker/environment/path.dsv
[8.497s] -- Up-to-date: /home/ana/my_gazebo_tutorials/install/walker/share/walker/local_setup.bash
[8.497s] -- Up-to-date: /home/ana/my_gazebo_tutorials/install/walker/share/walker/local_setup.sh
[8.497s] -- Up-to-date: /home/ana/my_gazebo_tutorials/install/walker/share/walker/local_setup.zsh
[8.497s] -- Installing: /home/ana/my_gazebo_tutorials/install/walker/share/walker/local_setup.dsv
[8.497s] -- Installing: /home/ana/my_gazebo_tutorials/install/walker/share/walker/package.dsv
[8.499s] -- Up-to-date: /home/ana/my_gazebo_tutorials/install/walker/share/ament_index/resource_index/packages/walker
[8.499s] -- Up-to-date: /home/ana/my_gazebo_tutorials/install/walker/share/walker/cmake/walkerConfig.cmake
[8.499s] -- Up-to-date: /home/ana/my_gazebo_tutorials/install/walker/share/walker/cmake/walkerConfig-version.cmake
[8.499s] -- Up-to-date: /home/ana/my_gazebo_tutorials/install/walker/share/walker/package.xml
[8.501s] Invoked command in '/home/ana/my_gazebo_tutorials/build/walker' returned '0': CMAKE_PREFIX_PATH=${CMAKE_PREFIX_PATH}:/opt/ros/humble /usr/bin/cmake --install /home/ana/my_gazebo_tutorials/build/walker
