[0.011s] Invoking command in '/home/ana/my_gazebo_tutorials/build/walker': CMAKE_PREFIX_PATH=${CMAKE_PREFIX_PATH}:/opt/ros/humble /usr/bin/cmake --build /home/ana/my_gazebo_tutorials/build/walker -- -j2 -l2
[0.083s] [35m[1mConsolidate compiler generated dependencies of target walker_node[0m
[0.101s] [ 50%] [32mBuilding CXX object CMakeFiles/walker_node.dir/src/walker_node.cpp.o[0m
[1.947s] [01m[K/home/ana/my_gazebo_tutorials/src/walker/src/walker_node.cpp:[m[K In member function ‘[01m[Kvoid turtlebot_walker::scan_callback(const LaserScan&)[m[K’:
[1.947s] [01m[K/home/ana/my_gazebo_tutorials/src/walker/src/walker_node.cpp:21:13:[m[K [01;35m[Kwarning: [m[Kunused variable ‘[01m[Knum_ranges[m[K’ [[01;35m[K]8;;https://gcc.gnu.org/onlinedocs/gcc/Warning-Options.html#index-Wunused-variable-Wunused-variable]8;;[m[K]
[1.947s]    21 |         int [01;35m[Knum_ranges[m[K = scan_msg.ranges.size();
[1.948s]       |             [01;35m[K^~~~~~~~~~[m[K
[6.202s] [100%] [32m[1mLinking CXX executable walker_node[0m
[6.519s] [100%] Built target walker_node
[6.532s] Invoked command in '/home/ana/my_gazebo_tutorials/build/walker' returned '0': CMAKE_PREFIX_PATH=${CMAKE_PREFIX_PATH}:/opt/ros/humble /usr/bin/cmake --build /home/ana/my_gazebo_tutorials/build/walker -- -j2 -l2
[6.574s] Invoking command in '/home/ana/my_gazebo_tutorials/build/walker': CMAKE_PREFIX_PATH=${CMAKE_PREFIX_PATH}:/opt/ros/humble /usr/bin/cmake --install /home/ana/my_gazebo_tutorials/build/walker
[6.580s] -- Install configuration: ""
[6.580s] -- Installing: /home/ana/my_gazebo_tutorials/install/walker/lib/walker/walker_node
[6.584s] -- Set runtime path of "/home/ana/my_gazebo_tutorials/install/walker/lib/walker/walker_node" to ""
[6.584s] -- Up-to-date: /home/ana/my_gazebo_tutorials/install/walker/share/walker//launch
[6.584s] -- Up-to-date: /home/ana/my_gazebo_tutorials/install/walker/share/walker//launch/walker_launch.py
[6.584s] -- Up-to-date: /home/ana/my_gazebo_tutorials/install/walker/share/ament_index/resource_index/package_run_dependencies/walker
[6.585s] -- Up-to-date: /home/ana/my_gazebo_tutorials/install/walker/share/ament_index/resource_index/parent_prefix_path/walker
[6.585s] -- Up-to-date: /home/ana/my_gazebo_tutorials/install/walker/share/walker/environment/ament_prefix_path.sh
[6.585s] -- Up-to-date: /home/ana/my_gazebo_tutorials/install/walker/share/walker/environment/ament_prefix_path.dsv
[6.585s] -- Up-to-date: /home/ana/my_gazebo_tutorials/install/walker/share/walker/environment/path.sh
[6.585s] -- Up-to-date: /home/ana/my_gazebo_tutorials/install/walker/share/walker/environment/path.dsv
[6.585s] -- Up-to-date: /home/ana/my_gazebo_tutorials/install/walker/share/walker/local_setup.bash
[6.585s] -- Up-to-date: /home/ana/my_gazebo_tutorials/install/walker/share/walker/local_setup.sh
[6.585s] -- Up-to-date: /home/ana/my_gazebo_tutorials/install/walker/share/walker/local_setup.zsh
[6.585s] -- Up-to-date: /home/ana/my_gazebo_tutorials/install/walker/share/walker/local_setup.dsv
[6.585s] -- Installing: /home/ana/my_gazebo_tutorials/install/walker/share/walker/package.dsv
[6.587s] -- Up-to-date: /home/ana/my_gazebo_tutorials/install/walker/share/ament_index/resource_index/packages/walker
[6.587s] -- Up-to-date: /home/ana/my_gazebo_tutorials/install/walker/share/walker/cmake/walkerConfig.cmake
[6.588s] -- Up-to-date: /home/ana/my_gazebo_tutorials/install/walker/share/walker/cmake/walkerConfig-version.cmake
[6.588s] -- Up-to-date: /home/ana/my_gazebo_tutorials/install/walker/share/walker/package.xml
[6.590s] Invoked command in '/home/ana/my_gazebo_tutorials/build/walker' returned '0': CMAKE_PREFIX_PATH=${CMAKE_PREFIX_PATH}:/opt/ros/humble /usr/bin/cmake --install /home/ana/my_gazebo_tutorials/build/walker
