[0.015s] Invoking command in '/home/ana/my_gazebo_tutorials/build/walker': CMAKE_PREFIX_PATH=${CMAKE_PREFIX_PATH}:/opt/ros/humble /usr/bin/cmake --build /home/ana/my_gazebo_tutorials/build/walker -- -j2 -l2
[0.067s] [35m[1mConsolidate compiler generated dependencies of target walker_node[0m
[0.090s] [ 50%] [32mBuilding CXX object CMakeFiles/walker_node.dir/src/walker_node.cpp.o[0m
[7.344s] [100%] [32m[1mLinking CXX executable walker_node[0m
[7.693s] [100%] Built target walker_node
[7.705s] Invoked command in '/home/ana/my_gazebo_tutorials/build/walker' returned '0': CMAKE_PREFIX_PATH=${CMAKE_PREFIX_PATH}:/opt/ros/humble /usr/bin/cmake --build /home/ana/my_gazebo_tutorials/build/walker -- -j2 -l2
[7.750s] Invoking command in '/home/ana/my_gazebo_tutorials/build/walker': CMAKE_PREFIX_PATH=${CMAKE_PREFIX_PATH}:/opt/ros/humble /usr/bin/cmake --install /home/ana/my_gazebo_tutorials/build/walker
[7.757s] -- Install configuration: ""
[7.759s] -- Installing: /home/ana/my_gazebo_tutorials/install/walker/lib/walker/walker_node
[7.765s] -- Set runtime path of "/home/ana/my_gazebo_tutorials/install/walker/lib/walker/walker_node" to ""
[7.765s] -- Up-to-date: /home/ana/my_gazebo_tutorials/install/walker/share/walker//launch
[7.765s] -- Up-to-date: /home/ana/my_gazebo_tutorials/install/walker/share/walker//launch/walker_launch.py
[7.765s] -- Up-to-date: /home/ana/my_gazebo_tutorials/install/walker/share/ament_index/resource_index/package_run_dependencies/walker
[7.765s] -- Up-to-date: /home/ana/my_gazebo_tutorials/install/walker/share/ament_index/resource_index/parent_prefix_path/walker
[7.765s] -- Up-to-date: /home/ana/my_gazebo_tutorials/install/walker/share/walker/environment/ament_prefix_path.sh
[7.765s] -- Up-to-date: /home/ana/my_gazebo_tutorials/install/walker/share/walker/environment/ament_prefix_path.dsv
[7.765s] -- Up-to-date: /home/ana/my_gazebo_tutorials/install/walker/share/walker/environment/path.sh
[7.765s] -- Up-to-date: /home/ana/my_gazebo_tutorials/install/walker/share/walker/environment/path.dsv
[7.765s] -- Up-to-date: /home/ana/my_gazebo_tutorials/install/walker/share/walker/local_setup.bash
[7.765s] -- Up-to-date: /home/ana/my_gazebo_tutorials/install/walker/share/walker/local_setup.sh
[7.765s] -- Up-to-date: /home/ana/my_gazebo_tutorials/install/walker/share/walker/local_setup.zsh
[7.765s] -- Up-to-date: /home/ana/my_gazebo_tutorials/install/walker/share/walker/local_setup.dsv
[7.765s] -- Installing: /home/ana/my_gazebo_tutorials/install/walker/share/walker/package.dsv
[7.766s] -- Up-to-date: /home/ana/my_gazebo_tutorials/install/walker/share/ament_index/resource_index/packages/walker
[7.766s] -- Up-to-date: /home/ana/my_gazebo_tutorials/install/walker/share/walker/cmake/walkerConfig.cmake
[7.766s] -- Up-to-date: /home/ana/my_gazebo_tutorials/install/walker/share/walker/cmake/walkerConfig-version.cmake
[7.766s] -- Up-to-date: /home/ana/my_gazebo_tutorials/install/walker/share/walker/package.xml
[7.768s] Invoked command in '/home/ana/my_gazebo_tutorials/build/walker' returned '0': CMAKE_PREFIX_PATH=${CMAKE_PREFIX_PATH}:/opt/ros/humble /usr/bin/cmake --install /home/ana/my_gazebo_tutorials/build/walker
