[ 50%] [32mBuilding CXX object CMakeFiles/walker_node.dir/src/walker_node.cpp.o[0m
[100%] [32m[1mLinking CXX executable walker_node[0m
[100%] Built target walker_node
-- Install configuration: ""
-- Installing: /home/ana/my_gazebo_tutorials/install/walker/lib/walker/walker_node
-- Set runtime path of "/home/ana/my_gazebo_tutorials/install/walker/lib/walker/walker_node" to ""
-- Up-to-date: /home/ana/my_gazebo_tutorials/install/walker/share/walker//launch
-- Up-to-date: /home/ana/my_gazebo_tutorials/install/walker/share/walker//launch/walker_launch.py
-- Up-to-date: /home/ana/my_gazebo_tutorials/install/walker/share/ament_index/resource_index/package_run_dependencies/walker
-- Up-to-date: /home/ana/my_gazebo_tutorials/install/walker/share/ament_index/resource_index/parent_prefix_path/walker
-- Up-to-date: /home/ana/my_gazebo_tutorials/install/walker/share/walker/environment/ament_prefix_path.sh
-- Up-to-date: /home/ana/my_gazebo_tutorials/install/walker/share/walker/environment/ament_prefix_path.dsv
-- Up-to-date: /home/ana/my_gazebo_tutorials/install/walker/share/walker/environment/path.sh
-- Up-to-date: /home/ana/my_gazebo_tutorials/install/walker/share/walker/environment/path.dsv
-- Up-to-date: /home/ana/my_gazebo_tutorials/install/walker/share/walker/local_setup.bash
-- Up-to-date: /home/ana/my_gazebo_tutorials/install/walker/share/walker/local_setup.sh
-- Up-to-date: /home/ana/my_gazebo_tutorials/install/walker/share/walker/local_setup.zsh
-- Up-to-date: /home/ana/my_gazebo_tutorials/install/walker/share/walker/local_setup.dsv
-- Installing: /home/ana/my_gazebo_tutorials/install/walker/share/walker/package.dsv
-- Up-to-date: /home/ana/my_gazebo_tutorials/install/walker/share/ament_index/resource_index/packages/walker
-- Up-to-date: /home/ana/my_gazebo_tutorials/install/walker/share/walker/cmake/walkerConfig.cmake
-- Up-to-date: /home/ana/my_gazebo_tutorials/install/walker/share/walker/cmake/walkerConfig-version.cmake
-- Up-to-date: /home/ana/my_gazebo_tutorials/install/walker/share/walker/package.xml
