[0.132s] DEBUG:colcon:Command line arguments: ['/home/ana/.local/bin/colcon', 'build']
[0.132s] DEBUG:colcon:Parsed command line arguments: Namespace(log_base=None, log_level=None, verb_name='build', build_base='build', install_base='install', merge_install=False, symlink_install=False, test_result_base=None, continue_on_error=False, executor='parallel', parallel_workers=2, event_handlers=None, ignore_user_meta=False, metas=['./colcon.meta'], base_paths=['.'], packages_ignore=None, packages_ignore_regex=None, paths=None, packages_up_to=None, packages_up_to_regex=None, packages_above=None, packages_above_and_dependencies=None, packages_above_depth=None, packages_select_by_dep=None, packages_skip_by_dep=None, packages_skip_up_to=None, packages_select_build_failed=False, packages_skip_build_finished=False, packages_select_test_failures=False, packages_skip_test_passed=False, packages_select=None, packages_skip=None, packages_select_regex=None, packages_skip_regex=None, packages_start=None, packages_end=None, allow_overriding=[], cmake_args=None, cmake_target=None, cmake_target_skip_unavailable=False, cmake_clean_cache=False, cmake_clean_first=False, cmake_force_configure=False, ament_cmake_args=None, catkin_cmake_args=None, catkin_skip_building_tests=False, mixin_files=None, mixin=None, verb_parser=<colcon_mixin.mixin.mixin_argument.MixinArgumentDecorator object at 0x7e36ee5e8a90>, verb_extension=<colcon_core.verb.build.BuildVerb object at 0x7e36ee5e8520>, main=<bound method BuildVerb.main of <colcon_core.verb.build.BuildVerb object at 0x7e36ee5e8520>>, mixin_verb=('build',))
[0.296s] Level 1:colcon.colcon_core.package_discovery:discover_packages(colcon_meta) check parameters
[0.296s] Level 1:colcon.colcon_core.package_discovery:discover_packages(recursive) check parameters
[0.296s] Level 1:colcon.colcon_core.package_discovery:discover_packages(ignore) check parameters
[0.296s] Level 1:colcon.colcon_core.package_discovery:discover_packages(path) check parameters
[0.296s] Level 1:colcon.colcon_core.package_discovery:discover_packages(colcon_meta) discover
[0.296s] Level 1:colcon.colcon_core.package_discovery:discover_packages(recursive) discover
[0.296s] INFO:colcon.colcon_core.package_discovery:Crawling recursively for packages in '/home/ana/my_gazebo_tutorials'
[0.296s] Level 1:colcon.colcon_core.package_identification:_identify(.) by extensions ['ignore', 'ignore_ament_install']
[0.296s] Level 1:colcon.colcon_core.package_identification:_identify(.) by extension 'ignore'
[0.296s] Level 1:colcon.colcon_core.package_identification:_identify(.) by extension 'ignore_ament_install'
[0.296s] Level 1:colcon.colcon_core.package_identification:_identify(.) by extensions ['colcon_pkg']
[0.296s] Level 1:colcon.colcon_core.package_identification:_identify(.) by extension 'colcon_pkg'
[0.296s] Level 1:colcon.colcon_core.package_identification:_identify(.) by extensions ['colcon_meta']
[0.296s] Level 1:colcon.colcon_core.package_identification:_identify(.) by extension 'colcon_meta'
[0.296s] Level 1:colcon.colcon_core.package_identification:_identify(.) by extensions ['ros']
[0.296s] Level 1:colcon.colcon_core.package_identification:_identify(.) by extension 'ros'
[0.305s] Level 1:colcon.colcon_core.package_identification:_identify(.) by extensions ['cmake', 'python']
[0.305s] Level 1:colcon.colcon_core.package_identification:_identify(.) by extension 'cmake'
[0.305s] Level 1:colcon.colcon_core.package_identification:_identify(.) by extension 'python'
[0.306s] Level 1:colcon.colcon_core.package_identification:_identify(.) by extensions ['python_setup_py']
[0.306s] Level 1:colcon.colcon_core.package_identification:_identify(.) by extension 'python_setup_py'
[0.306s] Level 1:colcon.colcon_core.package_identification:_identify(build) by extensions ['ignore', 'ignore_ament_install']
[0.306s] Level 1:colcon.colcon_core.package_identification:_identify(build) by extension 'ignore'
[0.306s] Level 1:colcon.colcon_core.package_identification:_identify(build) ignored
[0.306s] Level 1:colcon.colcon_core.package_identification:_identify(install) by extensions ['ignore', 'ignore_ament_install']
[0.306s] Level 1:colcon.colcon_core.package_identification:_identify(install) by extension 'ignore'
[0.307s] Level 1:colcon.colcon_core.package_identification:_identify(install) ignored
[0.307s] Level 1:colcon.colcon_core.package_identification:_identify(log) by extensions ['ignore', 'ignore_ament_install']
[0.307s] Level 1:colcon.colcon_core.package_identification:_identify(log) by extension 'ignore'
[0.307s] Level 1:colcon.colcon_core.package_identification:_identify(log) ignored
[0.307s] Level 1:colcon.colcon_core.package_identification:_identify(src) by extensions ['ignore', 'ignore_ament_install']
[0.307s] Level 1:colcon.colcon_core.package_identification:_identify(src) by extension 'ignore'
[0.307s] Level 1:colcon.colcon_core.package_identification:_identify(src) by extension 'ignore_ament_install'
[0.307s] Level 1:colcon.colcon_core.package_identification:_identify(src) by extensions ['colcon_pkg']
[0.307s] Level 1:colcon.colcon_core.package_identification:_identify(src) by extension 'colcon_pkg'
[0.307s] Level 1:colcon.colcon_core.package_identification:_identify(src) by extensions ['colcon_meta']
[0.307s] Level 1:colcon.colcon_core.package_identification:_identify(src) by extension 'colcon_meta'
[0.307s] Level 1:colcon.colcon_core.package_identification:_identify(src) by extensions ['ros']
[0.307s] Level 1:colcon.colcon_core.package_identification:_identify(src) by extension 'ros'
[0.307s] Level 1:colcon.colcon_core.package_identification:_identify(src) by extensions ['cmake', 'python']
[0.307s] Level 1:colcon.colcon_core.package_identification:_identify(src) by extension 'cmake'
[0.307s] Level 1:colcon.colcon_core.package_identification:_identify(src) by extension 'python'
[0.307s] Level 1:colcon.colcon_core.package_identification:_identify(src) by extensions ['python_setup_py']
[0.307s] Level 1:colcon.colcon_core.package_identification:_identify(src) by extension 'python_setup_py'
[0.307s] Level 1:colcon.colcon_core.package_identification:_identify(src/walker) by extensions ['ignore', 'ignore_ament_install']
[0.307s] Level 1:colcon.colcon_core.package_identification:_identify(src/walker) by extension 'ignore'
[0.307s] Level 1:colcon.colcon_core.package_identification:_identify(src/walker) by extension 'ignore_ament_install'
[0.307s] Level 1:colcon.colcon_core.package_identification:_identify(src/walker) by extensions ['colcon_pkg']
[0.307s] Level 1:colcon.colcon_core.package_identification:_identify(src/walker) by extension 'colcon_pkg'
[0.307s] Level 1:colcon.colcon_core.package_identification:_identify(src/walker) by extensions ['colcon_meta']
[0.307s] Level 1:colcon.colcon_core.package_identification:_identify(src/walker) by extension 'colcon_meta'
[0.308s] Level 1:colcon.colcon_core.package_identification:_identify(src/walker) by extensions ['ros']
[0.308s] Level 1:colcon.colcon_core.package_identification:_identify(src/walker) by extension 'ros'
[0.310s] DEBUG:colcon.colcon_core.package_identification:Package 'src/walker' with type 'ros.ament_cmake' and name 'walker'
[0.310s] Level 1:colcon.colcon_core.package_discovery:discover_packages(recursive) using defaults
[0.310s] Level 1:colcon.colcon_core.package_discovery:discover_packages(ignore) discover
[0.310s] Level 1:colcon.colcon_core.package_discovery:discover_packages(ignore) using defaults
[0.310s] Level 1:colcon.colcon_core.package_discovery:discover_packages(path) discover
[0.310s] Level 1:colcon.colcon_core.package_discovery:discover_packages(path) using defaults
[0.325s] Level 1:colcon.colcon_core.package_discovery:discover_packages(prefix_path) check parameters
[0.325s] Level 1:colcon.colcon_core.package_discovery:discover_packages(prefix_path) discover
[0.327s] DEBUG:colcon.colcon_installed_package_information.package_discovery:Found 1 installed packages in /home/ana/my_gazebo_tutorials/install
[0.328s] DEBUG:colcon.colcon_installed_package_information.package_discovery:Found 384 installed packages in /opt/ros/humble
[0.339s] Level 1:colcon.colcon_core.package_discovery:discover_packages(prefix_path) using defaults
[0.390s] Level 5:colcon.colcon_core.verb:set package 'walker' build argument 'cmake_args' from command line to 'None'
[0.390s] Level 5:colcon.colcon_core.verb:set package 'walker' build argument 'cmake_target' from command line to 'None'
[0.390s] Level 5:colcon.colcon_core.verb:set package 'walker' build argument 'cmake_target_skip_unavailable' from command line to 'False'
[0.390s] Level 5:colcon.colcon_core.verb:set package 'walker' build argument 'cmake_clean_cache' from command line to 'False'
[0.390s] Level 5:colcon.colcon_core.verb:set package 'walker' build argument 'cmake_clean_first' from command line to 'False'
[0.390s] Level 5:colcon.colcon_core.verb:set package 'walker' build argument 'cmake_force_configure' from command line to 'False'
[0.390s] Level 5:colcon.colcon_core.verb:set package 'walker' build argument 'ament_cmake_args' from command line to 'None'
[0.390s] Level 5:colcon.colcon_core.verb:set package 'walker' build argument 'catkin_cmake_args' from command line to 'None'
[0.390s] Level 5:colcon.colcon_core.verb:set package 'walker' build argument 'catkin_skip_building_tests' from command line to 'False'
[0.390s] DEBUG:colcon.colcon_core.verb:Building package 'walker' with the following arguments: {'ament_cmake_args': None, 'build_base': '/home/ana/my_gazebo_tutorials/build/walker', 'catkin_cmake_args': None, 'catkin_skip_building_tests': False, 'cmake_args': None, 'cmake_clean_cache': False, 'cmake_clean_first': False, 'cmake_force_configure': False, 'cmake_target': None, 'cmake_target_skip_unavailable': False, 'install_base': '/home/ana/my_gazebo_tutorials/install/walker', 'merge_install': False, 'path': '/home/ana/my_gazebo_tutorials/src/walker', 'symlink_install': False, 'test_result_base': None}
[0.391s] INFO:colcon.colcon_core.executor:Executing jobs using 'parallel' executor
[0.392s] DEBUG:colcon.colcon_parallel_executor.executor.parallel:run_until_complete
[0.392s] INFO:colcon.colcon_ros.task.ament_cmake.build:Building ROS package in '/home/ana/my_gazebo_tutorials/src/walker' with build type 'ament_cmake'
[0.392s] INFO:colcon.colcon_cmake.task.cmake.build:Building CMake package in '/home/ana/my_gazebo_tutorials/src/walker'
[0.393s] INFO:colcon.colcon_core.plugin_system:Skipping extension 'colcon_core.shell.bat': Not used on non-Windows systems
[0.393s] INFO:colcon.colcon_core.shell:Skip shell extension 'powershell' for command environment: Not usable outside of PowerShell
[0.393s] DEBUG:colcon.colcon_core.shell:Skip shell extension 'dsv' for command environment
[0.405s] DEBUG:colcon.colcon_core.event_handler.log_command:Invoking command in '/home/ana/my_gazebo_tutorials/build/walker': CMAKE_PREFIX_PATH=${CMAKE_PREFIX_PATH}:/opt/ros/humble /usr/bin/cmake --build /home/ana/my_gazebo_tutorials/build/walker -- -j2 -l2
[6.926s] DEBUG:colcon.colcon_core.event_handler.log_command:Invoked command in '/home/ana/my_gazebo_tutorials/build/walker' returned '0': CMAKE_PREFIX_PATH=${CMAKE_PREFIX_PATH}:/opt/ros/humble /usr/bin/cmake --build /home/ana/my_gazebo_tutorials/build/walker -- -j2 -l2
[6.968s] DEBUG:colcon.colcon_core.event_handler.log_command:Invoking command in '/home/ana/my_gazebo_tutorials/build/walker': CMAKE_PREFIX_PATH=${CMAKE_PREFIX_PATH}:/opt/ros/humble /usr/bin/cmake --install /home/ana/my_gazebo_tutorials/build/walker
[6.982s] Level 1:colcon.colcon_core.environment:create_environment_scripts_only(walker)
[6.984s] DEBUG:colcon.colcon_core.event_handler.log_command:Invoked command in '/home/ana/my_gazebo_tutorials/build/walker' returned '0': CMAKE_PREFIX_PATH=${CMAKE_PREFIX_PATH}:/opt/ros/humble /usr/bin/cmake --install /home/ana/my_gazebo_tutorials/build/walker
[6.985s] Level 1:colcon.colcon_core.environment:checking '/home/ana/my_gazebo_tutorials/install/walker' for CMake module files
[6.986s] Level 1:colcon.colcon_core.environment:checking '/home/ana/my_gazebo_tutorials/install/walker' for CMake config files
[6.986s] Level 1:colcon.colcon_core.shell:create_environment_hook('walker', 'cmake_prefix_path')
[6.987s] INFO:colcon.colcon_core.shell:Creating environment hook '/home/ana/my_gazebo_tutorials/install/walker/share/walker/hook/cmake_prefix_path.ps1'
[6.987s] INFO:colcon.colcon_core.shell:Creating environment descriptor '/home/ana/my_gazebo_tutorials/install/walker/share/walker/hook/cmake_prefix_path.dsv'
[6.989s] INFO:colcon.colcon_core.shell:Creating environment hook '/home/ana/my_gazebo_tutorials/install/walker/share/walker/hook/cmake_prefix_path.sh'
[6.990s] Level 1:colcon.colcon_core.environment:checking '/home/ana/my_gazebo_tutorials/install/walker/lib'
[6.991s] Level 1:colcon.colcon_core.environment:checking '/home/ana/my_gazebo_tutorials/install/walker/bin'
[6.991s] Level 1:colcon.colcon_core.environment:checking '/home/ana/my_gazebo_tutorials/install/walker/lib/pkgconfig/walker.pc'
[6.991s] Level 1:colcon.colcon_core.environment:checking '/home/ana/my_gazebo_tutorials/install/walker/lib/python3.10/site-packages'
[6.991s] Level 1:colcon.colcon_core.environment:checking '/home/ana/my_gazebo_tutorials/install/walker/bin'
[6.991s] INFO:colcon.colcon_core.shell:Creating package script '/home/ana/my_gazebo_tutorials/install/walker/share/walker/package.ps1'
[6.992s] INFO:colcon.colcon_core.shell:Creating package descriptor '/home/ana/my_gazebo_tutorials/install/walker/share/walker/package.dsv'
[6.993s] INFO:colcon.colcon_core.shell:Creating package script '/home/ana/my_gazebo_tutorials/install/walker/share/walker/package.sh'
[6.993s] INFO:colcon.colcon_core.shell:Creating package script '/home/ana/my_gazebo_tutorials/install/walker/share/walker/package.bash'
[6.994s] INFO:colcon.colcon_core.shell:Creating package script '/home/ana/my_gazebo_tutorials/install/walker/share/walker/package.zsh'
[6.995s] Level 1:colcon.colcon_core.environment:create_file_with_runtime_dependencies(/home/ana/my_gazebo_tutorials/install/walker/share/colcon-core/packages/walker)
[7.028s] Level 1:colcon.colcon_core.environment:create_environment_scripts_only(walker)
[7.029s] Level 1:colcon.colcon_core.environment:checking '/home/ana/my_gazebo_tutorials/install/walker' for CMake module files
[7.029s] Level 1:colcon.colcon_core.environment:checking '/home/ana/my_gazebo_tutorials/install/walker' for CMake config files
[7.029s] Level 1:colcon.colcon_core.shell:create_environment_hook('walker', 'cmake_prefix_path')
[7.029s] INFO:colcon.colcon_core.shell:Creating environment hook '/home/ana/my_gazebo_tutorials/install/walker/share/walker/hook/cmake_prefix_path.ps1'
[7.030s] INFO:colcon.colcon_core.shell:Creating environment descriptor '/home/ana/my_gazebo_tutorials/install/walker/share/walker/hook/cmake_prefix_path.dsv'
[7.030s] INFO:colcon.colcon_core.shell:Creating environment hook '/home/ana/my_gazebo_tutorials/install/walker/share/walker/hook/cmake_prefix_path.sh'
[7.031s] Level 1:colcon.colcon_core.environment:checking '/home/ana/my_gazebo_tutorials/install/walker/lib'
[7.031s] Level 1:colcon.colcon_core.environment:checking '/home/ana/my_gazebo_tutorials/install/walker/bin'
[7.032s] Level 1:colcon.colcon_core.environment:checking '/home/ana/my_gazebo_tutorials/install/walker/lib/pkgconfig/walker.pc'
[7.032s] Level 1:colcon.colcon_core.environment:checking '/home/ana/my_gazebo_tutorials/install/walker/lib/python3.10/site-packages'
[7.032s] Level 1:colcon.colcon_core.environment:checking '/home/ana/my_gazebo_tutorials/install/walker/bin'
[7.032s] INFO:colcon.colcon_core.shell:Creating package script '/home/ana/my_gazebo_tutorials/install/walker/share/walker/package.ps1'
[7.033s] INFO:colcon.colcon_core.shell:Creating package descriptor '/home/ana/my_gazebo_tutorials/install/walker/share/walker/package.dsv'
[7.034s] INFO:colcon.colcon_core.shell:Creating package script '/home/ana/my_gazebo_tutorials/install/walker/share/walker/package.sh'
[7.035s] INFO:colcon.colcon_core.shell:Creating package script '/home/ana/my_gazebo_tutorials/install/walker/share/walker/package.bash'
[7.035s] INFO:colcon.colcon_core.shell:Creating package script '/home/ana/my_gazebo_tutorials/install/walker/share/walker/package.zsh'
[7.036s] Level 1:colcon.colcon_core.environment:create_file_with_runtime_dependencies(/home/ana/my_gazebo_tutorials/install/walker/share/colcon-core/packages/walker)
[7.036s] DEBUG:colcon.colcon_parallel_executor.executor.parallel:closing loop
[7.037s] DEBUG:colcon.colcon_parallel_executor.executor.parallel:loop closed
[7.037s] DEBUG:colcon.colcon_parallel_executor.executor.parallel:run_until_complete finished with '0'
[7.037s] DEBUG:colcon.colcon_core.event_reactor:joining thread
[7.043s] INFO:colcon.colcon_core.plugin_system:Skipping extension 'colcon_notification.desktop_notification.terminal_notifier': Not used on non-Darwin systems
[7.043s] INFO:colcon.colcon_core.plugin_system:Skipping extension 'colcon_notification.desktop_notification.win32': Not used on non-Windows systems
[7.043s] INFO:colcon.colcon_notification.desktop_notification:Sending desktop notification using 'notify2'
[7.057s] DEBUG:colcon.colcon_core.event_reactor:joined thread
[7.057s] INFO:colcon.colcon_core.shell:Creating prefix script '/home/ana/my_gazebo_tutorials/install/local_setup.ps1'
[7.058s] INFO:colcon.colcon_core.shell:Creating prefix util module '/home/ana/my_gazebo_tutorials/install/_local_setup_util_ps1.py'
[7.059s] INFO:colcon.colcon_core.shell:Creating prefix chain script '/home/ana/my_gazebo_tutorials/install/setup.ps1'
[7.060s] INFO:colcon.colcon_core.shell:Creating prefix script '/home/ana/my_gazebo_tutorials/install/local_setup.sh'
[7.061s] INFO:colcon.colcon_core.shell:Creating prefix util module '/home/ana/my_gazebo_tutorials/install/_local_setup_util_sh.py'
[7.062s] INFO:colcon.colcon_core.shell:Creating prefix chain script '/home/ana/my_gazebo_tutorials/install/setup.sh'
[7.063s] INFO:colcon.colcon_core.shell:Creating prefix script '/home/ana/my_gazebo_tutorials/install/local_setup.bash'
[7.064s] INFO:colcon.colcon_core.shell:Creating prefix chain script '/home/ana/my_gazebo_tutorials/install/setup.bash'
[7.065s] INFO:colcon.colcon_core.shell:Creating prefix script '/home/ana/my_gazebo_tutorials/install/local_setup.zsh'
[7.066s] INFO:colcon.colcon_core.shell:Creating prefix chain script '/home/ana/my_gazebo_tutorials/install/setup.zsh'
